time    301269.1000000000, rpx    0.0000000000, rpy    0.0000000000, rpz    0.0000000000, rvx    0.0000000000, rvy    0.0000000000, rvz    0.0000000000, Nsats 0
time    301269.2000000000, rpx    0.0000000000, rpy    0.0000000000, rpz    0.0000000000, rvx    0.0000000000, rvy    0.0000000000, rvz    0.0000000000, Nsats 0
time    301269.2999999999, rpx    0.0000000000, rpy    0.0000000000, rpz    0.0000000000, rvx    0.0000000000, rvy    0.0000000000, rvz    0.0000000000, Nsats 0
time    301269.3999999999, rpx    0.0000000000, rpy    0.0000000000, rpz    0.0000000000, rvx    0.0000000000, rvy    0.0000000000, rvz    0.0000000000, Nsats 0
time    301269.4999999999, rpx    0.0000000000, rpy    0.0000000000, rpz    0.0000000000, rvx    0.0000000000, rvy    0.0000000000, rvz    0.0000000000, Nsats 0
time    301269.5999999999, rpx    0.0000000000, rpy    0.0000000000, rpz    0.0000000000, rvx    0.0000000000, rvy    0.0000000000, rvz    0.0000000000, Nsats 0
time    301269.6999999998, rpx    0.0000000000, rpy    0.0000000000, rpz    0.0000000000, rvx    0.0000000000, rvy    0.0000000000, rvz    0.0000000000, Nsats 0
time    301269.7999999998, rpx    0.0000000000, rpy    0.0000000000, rpz    0.0000000000, rvx    0.0000000000, rvy    0.0000000000, rvz    0.0000000000, Nsats 0
time    301269.8999999998, rpx    0.0000000000, rpy    0.0000000000, rpz    0.0000000000, rvx    0.0000000000, rvy    0.0000000000, rvz    0.0000000000, Nsats 0
time    301269.9999999998, rpx    0.0000000000, rpy    0.0000000000, rpz    0.0000000000, rvx    0.0000000000, rvy    0.0000000000, rvz    0.0000000000, Nsats 0
time    301270.0999999997, rpx    0.0000000000, rpy    0.0000000000, rpz    0.0000000000, rvx    0.0000000000, rvy    0.0000000000, rvz    0.0000000000, Nsats 0
time    301270.1999999997, rpx    0.0000000000, rpy    0.0000000000, rpz    0.0000000000, rvx    0.0000000000, rvy    0.0000000000, rvz    0.0000000000, Nsats 0
time    301270.2999999997, rpx    0.0000000000, rpy    0.0000000000, rpz    0.0000000000, rvx    0.0000000000, rvy    0.0000000000, rvz    0.0000000000, Nsats 0
time    301270.3999999997, rpx    0.0000000000, rpy    0.0000000000, rpz    0.0000000000, rvx    0.0000000000, rvy    0.0000000000, rvz    0.0000000000, Nsats 0
time    301270.4999999997, rpx    0.0000000000, rpy    0.0000000000, rpz    0.0000000000, rvx    0.0000000000, rvy    0.0000000000, rvz    0.0000000000, Nsats 0
time    301270.5999999996, rpx    0.0000000000, rpy    0.0000000000, rpz    0.0000000000, rvx    0.0000000000, rvy    0.0000000000, rvz    0.0000000000, Nsats 0
time    301270.6999999996, rpx    0.0000000000, rpy    0.0000000000, rpz    0.0000000000, rvx    0.0000000000, rvy    0.0000000000, rvz    0.0000000000, Nsats 0
time    301270.7999999996, rpx    0.0000000000, rpy    0.0000000000, rpz    0.0000000000, rvx    0.0000000000, rvy    0.0000000000, rvz    0.0000000000, Nsats 0
time    301270.8999999996, rpx    0.0000000000, rpy    0.0000000000, rpz    0.0000000000, rvx    0.0000000000, rvy    0.0000000000, rvz    0.0000000000, Nsats 0
time    301270.9999999995, rpx    0.0000000000, rpy    0.0000000000, rpz    0.0000000000, rvx    0.0000000000, rvy    0.0000000000, rvz    0.0000000000, Nsats 0
time    301271.0999999995, rpx    0.0000000000, rpy    0.0000000000, rpz    0.0000000000, rvx    0.0000000000, rvy    0.0000000000, rvz    0.0000000000, Nsats 0
time    301271.1999999995, rpx    0.0000000000, rpy    0.0000000000, rpz    0.0000000000, rvx    0.0000000000, rvy    0.0000000000, rvz    0.0000000000, Nsats 0
time    301271.2999999995, rpx    0.0000000000, rpy    0.0000000000, rpz    0.0000000000, rvx    0.0000000000, rvy    0.0000000000, rvz    0.0000000000, Nsats 0
time    301271.3999999994, rpx    0.0000000000, rpy    0.0000000000, rpz    0.0000000000, rvx    0.0000000000, rvy    0.0000000000, rvz    0.0000000000, Nsats 0
time    301271.4999999994, rpx    0.0000000000, rpy    0.0000000000, rpz    0.0000000000, rvx    0.0000000000, rvy    0.0000000000, rvz    0.0000000000, Nsats 0
time    301271.5999999994, rpx    0.0000000000, rpy    0.0000000000, rpz    0.0000000000, rvx    0.0000000000, rvy    0.0000000000, rvz    0.0000000000, Nsats 0
time    301271.6999999994, rpx    0.0000000000, rpy    0.0000000000, rpz    0.0000000000, rvx    0.0000000000, rvy    0.0000000000, rvz    0.0000000000, Nsats 0
time    301271.7999999993, rpx    0.0000000000, rpy    0.0000000000, rpz    0.0000000000, rvx    0.0000000000, rvy    0.0000000000, rvz    0.0000000000, Nsats 0
time    301271.8999999993, rpx    0.0000000000, rpy    0.0000000000, rpz    0.0000000000, rvx    0.0000000000, rvy    0.0000000000, rvz    0.0000000000, Nsats 0
time    301271.9999999993, rpx    0.0000000000, rpy    0.0000000000, rpz    0.0000000000, rvx    0.0000000000, rvy    0.0000000000, rvz    0.0000000000, Nsats 0
time    301272.0999999993, rpx    0.0000000000, rpy    0.0000000000, rpz    0.0000000000, rvx    0.0000000000, rvy    0.0000000000, rvz    0.0000000000, Nsats 0
time    301272.1999999993, rpx    0.0000000000, rpy    0.0000000000, rpz    0.0000000000, rvx    0.0000000000, rvy    0.0000000000, rvz    0.0000000000, Nsats 0
time    301272.2999999992, rpx    0.0000000000, rpy    0.0000000000, rpz    0.0000000000, rvx    0.0000000000, rvy    0.0000000000, rvz    0.0000000000, Nsats 0
time    301272.3999999992, rpx    0.0000000000, rpy    0.0000000000, rpz    0.0000000000, rvx    0.0000000000, rvy    0.0000000000, rvz    0.0000000000, Nsats 0
time    301272.4999999992, rpx    0.0000000000, rpy    0.0000000000, rpz    0.0000000000, rvx    0.0000000000, rvy    0.0000000000, rvz    0.0000000000, Nsats 0
time    301272.5999999992, rpx    0.0000000000, rpy    0.0000000000, rpz    0.0000000000, rvx    0.0000000000, rvy    0.0000000000, rvz    0.0000000000, Nsats 0
time    301272.6999999991, rpx    0.0000000000, rpy    0.0000000000, rpz    0.0000000000, rvx    0.0000000000, rvy    0.0000000000, rvz    0.0000000000, Nsats 0
time    301272.7999999991, rpx    0.0000000000, rpy    0.0000000000, rpz    0.0000000000, rvx    0.0000000000, rvy    0.0000000000, rvz    0.0000000000, Nsats 0
time    301272.8999999991, rpx    0.0000000000, rpy    0.0000000000, rpz    0.0000000000, rvx    0.0000000000, rvy    0.0000000000, rvz    0.0000000000, Nsats 0
time    301272.9999999991, rpx    0.0000000000, rpy    0.0000000000, rpz    0.0000000000, rvx    0.0000000000, rvy    0.0000000000, rvz    0.0000000000, Nsats 0
time    301273.0999999990, rpx    0.0000000000, rpy    0.0000000000, rpz    0.0000000000, rvx    0.0000000000, rvy    0.0000000000, rvz    0.0000000000, Nsats 0
time    301273.1999999990, rpx    0.0000000000, rpy    0.0000000000, rpz    0.0000000000, rvx    0.0000000000, rvy    0.0000000000, rvz    0.0000000000, Nsats 0
time    301273.2999999990, rpx    0.0000000000, rpy    0.0000000000, rpz    0.0000000000, rvx    0.0000000000, rvy    0.0000000000, rvz    0.0000000000, Nsats 0
time    301273.3999999990, rpx    0.0000000000, rpy    0.0000000000, rpz    0.0000000000, rvx    0.0000000000, rvy    0.0000000000, rvz    0.0000000000, Nsats 0
time    301273.4999999990, rpx    0.0000000000, rpy    0.0000000000, rpz    0.0000000000, rvx    0.0000000000, rvy    0.0000000000, rvz    0.0000000000, Nsats 0
time    301273.5999999989, rpx    0.0000000000, rpy    0.0000000000, rpz    0.0000000000, rvx    0.0000000000, rvy    0.0000000000, rvz    0.0000000000, Nsats 0
time    301273.6999999989, rpx    0.0000000000, rpy    0.0000000000, rpz    0.0000000000, rvx    0.0000000000, rvy    0.0000000000, rvz    0.0000000000, Nsats 0
time    301273.7999999989, rpx    0.0000000000, rpy    0.0000000000, rpz    0.0000000000, rvx    0.0000000000, rvy    0.0000000000, rvz    0.0000000000, Nsats 0
time    301273.8999999989, rpx    0.0000000000, rpy    0.0000000000, rpz    0.0000000000, rvx    0.0000000000, rvy    0.0000000000, rvz    0.0000000000, Nsats 0
time    301273.9999999988, rpx    0.0000000000, rpy    0.0000000000, rpz    0.0000000000, rvx    0.0000000000, rvy    0.0000000000, rvz    0.0000000000, Nsats 0
time    301274.0999999988, rpx    0.0000000000, rpy    0.0000000000, rpz    0.0000000000, rvx    0.0000000000, rvy    0.0000000000, rvz    0.0000000000, Nsats 0
time    301274.1999999988, rpx    0.0000000000, rpy    0.0000000000, rpz    0.0000000000, rvx    0.0000000000, rvy    0.0000000000, rvz    0.0000000000, Nsats 0
time    301274.2999999988, rpx    0.0000000000, rpy    0.0000000000, rpz    0.0000000000, rvx    0.0000000000, rvy    0.0000000000, rvz    0.0000000000, Nsats 0
time    301274.3999999987, rpx    0.0000000000, rpy    0.0000000000, rpz    0.0000000000, rvx    0.0000000000, rvy    0.0000000000, rvz    0.0000000000, Nsats 0
time    301274.4999999987, rpx    0.0000000000, rpy    0.0000000000, rpz    0.0000000000, rvx    0.0000000000, rvy    0.0000000000, rvz    0.0000000000, Nsats 0
time    301274.5999999987, rpx    0.0000000000, rpy    0.0000000000, rpz    0.0000000000, rvx    0.0000000000, rvy    0.0000000000, rvz    0.0000000000, Nsats 0
time    301274.6999999987, rpx    0.0000000000, rpy    0.0000000000, rpz    0.0000000000, rvx    0.0000000000, rvy    0.0000000000, rvz    0.0000000000, Nsats 0
time    301274.7999999986, rpx    0.0000000000, rpy    0.0000000000, rpz    0.0000000000, rvx    0.0000000000, rvy    0.0000000000, rvz    0.0000000000, Nsats 0
time    301274.8999999986, rpx    0.0000000000, rpy    0.0000000000, rpz    0.0000000000, rvx    0.0000000000, rvy    0.0000000000, rvz    0.0000000000, Nsats 0
time    301274.9999999986, rpx    0.0000000000, rpy    0.0000000000, rpz    0.0000000000, rvx    0.0000000000, rvy    0.0000000000, rvz    0.0000000000, Nsats 0
time    301275.0999999986, rpx    0.0000000000, rpy    0.0000000000, rpz    0.0000000000, rvx    0.0000000000, rvy    0.0000000000, rvz    0.0000000000, Nsats 0
time    301275.1999999986, rpx    0.0000000000, rpy    0.0000000000, rpz    0.0000000000, rvx    0.0000000000, rvy    0.0000000000, rvz    0.0000000000, Nsats 0
time    301275.2999999985, rpx    0.0000000000, rpy    0.0000000000, rpz    0.0000000000, rvx    0.0000000000, rvy    0.0000000000, rvz    0.0000000000, Nsats 0
time    301275.3999999985, rpx    0.0000000000, rpy    0.0000000000, rpz    0.0000000000, rvx    0.0000000000, rvy    0.0000000000, rvz    0.0000000000, Nsats 0
time    301275.4999999985, rpx    0.0000000000, rpy    0.0000000000, rpz    0.0000000000, rvx    0.0000000000, rvy    0.0000000000, rvz    0.0000000000, Nsats 0
time    301275.5999999985, rpx    0.0000000000, rpy    0.0000000000, rpz    0.0000000000, rvx    0.0000000000, rvy    0.0000000000, rvz    0.0000000000, Nsats 0
time    301275.6999999984, rpx    0.0000000000, rpy    0.0000000000, rpz    0.0000000000, rvx    0.0000000000, rvy    0.0000000000, rvz    0.0000000000, Nsats 0
time    301275.7999999984, rpx    0.0000000000, rpy    0.0000000000, rpz    0.0000000000, rvx    0.0000000000, rvy    0.0000000000, rvz    0.0000000000, Nsats 0
time    301275.8999999984, rpx    0.0000000000, rpy    0.0000000000, rpz    0.0000000000, rvx    0.0000000000, rvy    0.0000000000, rvz    0.0000000000, Nsats 1
  PRN  3, px   4580521.7105720751,  py -22519048.6070093773, pz -13649180.1568679549,   vx  2878.4921959480, vy  -814.2200980015, vz  2422.9424367659,   Pr -56476286508825.1328125000,  dPr   102.0379451130
time    301275.9999999984, rpx    0.0000000000, rpy    0.0000000000, rpz    0.0000000000, rvx    0.0000000000, rvy    0.0000000000, rvz    0.0000000000, Nsats 1
  PRN  3, px   4581757.9569381969,  py -22520196.7508931421, pz -13646757.0568765085,   vx  2878.3372001626, vy  -813.9599010549, vz  2423.2273944281,   Pr -56476556322139.2109375000,  dPr   102.0899785391
time    301276.0999999983, rpx    0.0000000000, rpy    0.0000000000, rpz    0.0000000000, rvx    0.0000000000, rvy    0.0000000000, rvz    0.0000000000, Nsats 1
  PRN  3, px   4582993.9645848600,  py -22521344.7246935442, pz -13644333.6719621010,   vx  2878.1822001607, vy  -813.6996650407, vz  2423.5123034194,   Pr -56476826135452.2968750000,  dPr   102.0509534695
time    301276.1999999983, rpx    0.0000000000, rpy    0.0000000000, rpz    0.0000000000, rvx    0.0000000000, rvy    0.0000000000, rvz    0.0000000000, Nsats 1
  PRN  3, px   4584229.7335320497,  py -22522492.5283691213, pz -13641910.0021434240,   vx  2878.0271910501, vy  -813.4393910749, vz  2423.7971636653,   Pr -56477095948768.1093750000,  dPr   102.1141369156
time    301276.2999999983, rpx    0.0000000000, rpy    0.0000000000, rpz    0.0000000000, rvx    0.0000000000, rvy    0.0000000000, rvz    0.0000000000, Nsats 1
  PRN  3, px   4585465.2637611385,  py -22523640.1618421189, pz -13639486.0475156214,   vx  2877.8721728436, vy  -813.1790790099, vz  2424.0819751099,   Pr -56477365762080.8984375000,  dPr   102.0751118460
time    301276.3999999983, rpx    0.0000000000, rpy    0.0000000000, rpz    0.0000000000, rvx    0.0000000000, rvy    0.0000000000, rvz    0.0000000000, Nsats 1
  PRN  3, px   4586700.5552951302,  py -22524787.6250733249, pz -13637061.8080924526,   vx  2877.7171504931, vy  -812.9187280616, vz  2424.3667378835,   Pr -56477635575394.9843750000,  dPr   102.0844035292
time    301276.4999999983, rpx    0.0000000000, rpy    0.0000000000, rpz    0.0000000000, rvx    0.0000000000, rvy    0.0000000000, rvz    0.0000000000, Nsats 1
  PRN  3, px   4587935.6081340257,  py -22525934.9180024564, pz -13634637.2839322537,   vx  2877.5621191605, vy  -812.6583390497, vz  2424.6514518745,   Pr -56477905388709.2109375000,  dPr   102.0342284397
time    301276.5999999982, rpx    0.0000000000, rpy    0.0000000000, rpz    0.0000000000, rvx    0.0000000000, rvy    0.0000000000, rvz    0.0000000000, Nsats 1
  PRN  3, px   4589170.4222840760,  py -22527082.0405750610, pz -13632212.4750811029,   vx  2877.4070803320, vy  -812.3979116012, vz  2424.9361171387,   Pr -56478175202023.8828125000,  dPr   102.1085619056
time    301276.6999999982, rpx    0.0000000000, rpy    0.0000000000, rpz    0.0000000000, rvx    0.0000000000, rvy    0.0000000000, rvz    0.0000000000, Nsats 1
  PRN  3, px   4590404.9977460075,  py -22528228.9927313887, pz -13629787.3815962300,   vx  2877.2520341709, vy  -812.1374459395, vz  2425.2207336389,   Pr -56478445015337.9609375000,  dPr   102.1067035690
time    301276.7999999982, rpx    0.0000000000, rpy    0.0000000000, rpz    0.0000000000, rvx    0.0000000000, rvy    0.0000000000, rvz    0.0000000000, Nsats 1
  PRN  3, px   4591639.3345291167,  py -22529375.7744196244, pz -13627362.0035180785,   vx  2877.0969804591, vy  -811.8769418404, vz  2425.5053012818,   Pr -56478714828652.4843750000,  dPr   102.1513036485
time    301276.8999999982, rpx    0.0000000000, rpy    0.0000000000, rpz    0.0000000000, rvx    0.0000000000, rvy    0.0000000000, rvz    0.0000000000, Nsats 1
  PRN  3, px   4592873.4326355848,  py -22530522.3855812922, pz -13624936.3409012072,   vx  2876.9419194719, vy  -811.6163995273, vz  2425.7898202166,   Pr -56478984641966.7109375000,  dPr   102.1550203218
time    301276.9999999981, rpx    0.0000000000, rpy    0.0000000000, rpz    0.0000000000, rvx    0.0000000000, rvy    0.0000000000, rvz    0.0000000000, Nsats 1
  PRN  3, px   4594107.2920720624,  py -22531668.8261621781, pz -13622510.3937911429,   vx  2876.7868511308, vy  -811.3558187762, vz  2426.0742904246,   Pr -56479254455281.0703125000,  dPr   102.1531619852
time    301277.0999999981, rpx    0.0000000000, rpy    0.0000000000, rpz    0.0000000000, rvx    0.0000000000, rvy    0.0000000000, rvz    0.0000000000, Nsats 1
  PRN  3, px   4595340.9128419915,  py -22532815.0961051062, pz -13620084.1622398011,   vx  2876.6317753106, vy  -811.0951997359, vz  2426.3587117195,   Pr -56479524268595.1718750000,  dPr   102.1568786585
time    301277.1999999981, rpx    0.0000000000, rpy    0.0000000000, rpz    0.0000000000, rvx    0.0000000000, rvy    0.0000000000, rvz    0.0000000000, Nsats 1
  PRN  3, px   4596574.2949560024,  py -22533961.1953597181, pz -13617657.6462846622,   vx  2876.4766905825, vy  -810.8345427408, vz  2426.6430843249,   Pr -56479794081910.4062500000,  dPr   102.2051954113
time    301277.2999999981, rpx    0.0000000000, rpy    0.0000000000, rpz    0.0000000000, rvx    0.0000000000, rvy    0.0000000000, rvz    0.0000000000, Nsats 1
  PRN  3, px   4597807.4384114584,  py -22535107.1238625906, pz -13615230.8459906261,   vx  2876.3216016918, vy  -810.5738467481, vz  2426.9274080731,   Pr -56480063895224.7734375000,  dPr   102.2628038474
time    301277.3999999980, rpx    0.0000000000, rpy    0.0000000000, rpz    0.0000000000, rvx    0.0000000000, rvy    0.0000000000, rvz    0.0000000000, Nsats 1
  PRN  3, px   4599040.3432158120,  py -22536252.8815607727, pz -13612803.7614008617,   vx  2876.1665038197, vy  -810.3131128002, vz  2427.2116830014,   Pr -56480333708538.9921875000,  dPr   102.2293537878
time    301277.4999999980, rpx    0.0000000000, rpy    0.0000000000, rpz    0.0000000000, rvx    0.0000000000, rvy    0.0000000000, rvz    0.0000000000, Nsats 1
  PRN  3, px   4600273.0093693230,  py -22537398.4683936648, pz -13610376.3925743457,   vx  2876.0113985450, vy  -810.0523404130, vz  2427.4959091842,   Pr -56480603521851.8046875000,  dPr   102.2943955705
time    301277.5999999980, rpx    0.0000000000, rpy    0.0000000000, rpz    0.0000000000, rvx    0.0000000000, rvy    0.0000000000, rvz    0.0000000000, Nsats 1
  PRN  3, px   4601505.4368992150,  py -22538543.8843262643, pz -13607948.7395161074,   vx  2875.8562859582, vy  -809.7915298079, vz  2427.7800864354,   Pr -56480873335168.6093750000,  dPr   102.2869622239
time    301277.6999999980, rpx    0.0000000000, rpy    0.0000000000, rpz    0.0000000000, rvx    0.0000000000, rvy    0.0000000000, rvz    0.0000000000, Nsats 1
  PRN  3, px   4602737.6257860232,  py -22539689.1292798966, pz -13605520.8023235686,   vx  2875.7011661095, vy  -809.5306809118, vz  2428.0642149597,   Pr -56481143148483.4062500000,  dPr   102.3148372736
time    301277.7999999980, rpx    0.0000000000, rpy    0.0000000000, rpz    0.0000000000, rvx    0.0000000000, rvy    0.0000000000, rvz    0.0000000000, Nsats 1
  PRN  3, px   4603969.5760343438,  py -22540834.2031983919, pz -13603092.5810465645,   vx  2875.5460388645, vy  -809.2697936499, vz  2428.3482946083,   Pr -56481412961796.0625000000,  dPr   102.2460788176
time    301277.8999999979, rpx    0.0000000000, rpy    0.0000000000, rpz    0.0000000000, rvx    0.0000000000, rvy    0.0000000000, rvz    0.0000000000, Nsats 1
  PRN  3, px   4605201.2876632242,  py -22541979.1060390547, pz -13600664.0757063776,   vx  2875.3909042107, vy  -809.0088680954, vz  2428.6323253438,   Pr -56481682775110.0078125000,  dPr   102.2628038474
time    301277.9999999979, rpx    0.0000000000, rpy    0.0000000000, rpz    0.0000000000, rvx    0.0000000000, rvy    0.0000000000, rvz    0.0000000000, Nsats 1
  PRN  3, px   4606432.7606785456,  py -22543123.8377467692, pz -13598235.2863505669,   vx  2875.2357623955, vy  -808.7479042477, vz  2428.9163073525,   Pr -56481952588425.3750000000,  dPr   102.3185539469
time    301278.0999999979, rpx    0.0000000000, rpy    0.0000000000, rpz    0.0000000000, rvx    0.0000000000, rvy    0.0000000000, rvz    0.0000000000, Nsats 1
  PRN  3, px   4607663.9950731667,  py -22544268.3982543573, pz -13595806.2130523175,   vx  2875.0806129949, vy  -808.4869019957, vz  2429.2002402991,   Pr -56482222401739.1796875000,  dPr   102.3185539469
time    301278.1999999979, rpx    0.0000000000, rpy    0.0000000000, rpz    0.0000000000, rvx    0.0000000000, rvy    0.0000000000, rvz    0.0000000000, Nsats 1
  PRN  3, px   4608894.9908615714,  py -22545412.7875148840, pz -13593376.8558419477,   vx  2874.9254566482, vy  -808.2258615990, vz  2429.4841246493,   Pr -56482492215053.6953125000,  dPr   102.3036872537
time    301278.2999999978, rpx    0.0000000000, rpy    0.0000000000, rpz    0.0000000000, rvx    0.0000000000, rvy    0.0000000000, rvz    0.0000000000, Nsats 1
  PRN  3, px   4610125.7480432149,  py -22546557.0054671504, pz -13590947.2147799339,   vx  2874.7702928666, vy  -807.9647828715, vz  2429.7679599561,   Pr -56482762028367.4921875000,  dPr   102.3241289568
time    301278.3999999978, rpx    0.0000000000, rpy    0.0000000000, rpz    0.0000000000, rvx    0.0000000000, rvy    0.0000000000, rvz    0.0000000000, Nsats 1
  PRN  3, px   4611356.2666320391,  py -22547701.0520636700, pz -13588517.2898977436,   vx  2874.6151217956, vy  -807.7036658121, vz  2430.0517464429,   Pr -56483031841682.7265625000,  dPr   102.3631540265
time    301278.4999999978, rpx    0.0000000000, rpy    0.0000000000, rpz    0.0000000000, rvx    0.0000000000, rvy    0.0000000000, rvz    0.0000000000, Nsats 1
  PRN  3, px   4612586.5466261487,  py -22548844.9272422418, pz -13586087.0812581237,   vx  2874.4599433749, vy  -807.4425104582, vz  2430.3354839981,   Pr -56483301654997.6796875000,  dPr   102.3501456699
time    301278.5999999978, rpx    0.0000000000, rpy    0.0000000000, rpz    0.0000000000, rvx    0.0000000000, rvy    0.0000000000, rvz    0.0000000000, Nsats 1
  PRN  3, px   4613816.5880261371,  py -22549988.6309426874, pz -13583656.5889194291,   vx  2874.3047579073, vy  -807.1813168842, vz  2430.6191728450,   Pr -56483571468311.1875000000,  dPr   102.4151874526
time    301278.6999999977, rpx    0.0000000000, rpy    0.0000000000, rpz    0.0000000000, rvx    0.0000000000, rvy    0.0000000000, rvz    0.0000000000, Nsats 1
  PRN  3, px   4615046.3908496881,  py -22551132.1631209068, pz -13581225.8129059430,   vx  2874.1495649891, vy  -806.9200850145, vz  2430.9028126299,   Pr -56483841281626.2734375000,  dPr   102.4207624626
time    301278.7999999977, rpx    0.0000000000, rpy    0.0000000000, rpz    0.0000000000, rvx    0.0000000000, rvy    0.0000000000, rvz    0.0000000000, Nsats 1
  PRN  3, px   4616275.9550935365,  py -22552275.5237135366, pz -13578794.7532829735,   vx  2873.9943647835, vy  -806.6588148119, vz  2431.1864035018,   Pr -56484111094940.9296875000,  dPr   102.4393458291
time    301278.8999999977, rpx    0.0000000000, rpy    0.0000000000, rpz    0.0000000000, rvx    0.0000000000, rvy    0.0000000000, rvz    0.0000000000, Nsats 1
  PRN  3, px   4617505.2807650706,  py -22553418.7126665823, pz -13576363.4100957382,   vx  2873.8391574728, vy  -806.3975063132, vz  2431.4699455909,   Pr -56484380908255.6015625000,  dPr   102.4207624626
time    301278.9999999977, rpx    0.0000000000, rpy    0.0000000000, rpz    0.0000000000, rvx    0.0000000000, rvy    0.0000000000, rvz    0.0000000000, Nsats 1
  PRN  3, px   4618734.3678734545,  py -22554561.7299280278, pz -13573931.7833853755,   vx  2873.6839427829, vy  -806.1361595550, vz  2431.7534386180,   Pr -56484650721571.2578125000,  dPr   102.4523541856
time    301279.0999999976, rpx    0.0000000000, rpy    0.0000000000, rpz    0.0000000000, rvx    0.0000000000, rvy    0.0000000000, rvz    0.0000000000, Nsats 1
  PRN  3, px   4619963.2164140446,  py -22555704.5754331164, pz -13571499.8732201848,   vx  2873.5287209235, vy  -805.8747745375, vz  2432.0368828066,   Pr -56484920534885.4921875000,  dPr   102.4913792552
time    301279.1999999976, rpx    0.0000000000, rpy    0.0000000000, rpz    0.0000000000, rvx    0.0000000000, rvy    0.0000000000, rvz    0.0000000000, Nsats 1
  PRN  3, px   4621191.8264001431,  py -22556847.2491336986, pz -13569067.6796331033,   vx  2873.3734902147, vy  -805.6133515579, vz  2432.3202779889,   Pr -56485190348200.2812500000,  dPr   102.4820875720
time    301279.2999999976, rpx    0.0000000000, rpy    0.0000000000, rpz    0.0000000000, rvx    0.0000000000, rvy    0.0000000000, rvz    0.0000000000, Nsats 1
  PRN  3, px   4622420.1978368564,  py -22557989.7509735972, pz -13566635.2026740350,   vx  2873.2182555324, vy  -805.3518896473, vz  2432.6036243886,   Pr -56485460161515.5156250000,  dPr   102.5173959683
time    301279.3999999976, rpx    0.0000000000, rpy    0.0000000000, rpz    0.0000000000, rvx    0.0000000000, rvy    0.0000000000, rvz    0.0000000000, Nsats 1
  PRN  3, px   4623648.3307206249,  py -22559132.0808889754, pz -13564202.4424093440,   vx  2873.0630120664, vy  -805.0903898116, vz  2432.8869218007,   Pr -56485729974829.0390625000,  dPr   102.5527043646
time    301279.4999999976, rpx    0.0000000000, rpy    0.0000000000, rpz    0.0000000000, rvx    0.0000000000, rvy    0.0000000000, rvz    0.0000000000, Nsats 1
  PRN  3, px   4624876.2250729529,  py -22560274.2388394400, pz -13561769.3988555577,   vx  2872.9077613225, vy  -804.8288517140, vz  2433.1701701880,   Pr -56485999788144.8437500000,  dPr   102.5527043646
time    301279.5999999975, rpx    0.0000000000, rpy    0.0000000000, rpz    0.0000000000, rvx    0.0000000000, rvy    0.0000000000, rvz    0.0000000000, Nsats 1
  PRN  3, px   4626103.8808881734,  py -22561416.2247589342, pz -13559336.0720836967,   vx  2872.7525034449, vy  -804.5672753923, vz  2433.4533696994,   Pr -56486269601460.2187500000,  dPr   102.5712877311
time    301279.6999999975, rpx    0.0000000000, rpy    0.0000000000, rpz    0.0000000000, rvx    0.0000000000, rvy    0.0000000000, rvz    0.0000000000, Nsats 1
  PRN  3, px   4627331.2981703980,  py -22562558.0385907479, pz -13556902.4621449914,   vx  2872.5972366413, vy  -804.3056610324, vz  2433.7365201674,   Pr -56486539414774.8671875000,  dPr   102.5527043646
time    301279.7999999975, rpx    0.0000000000, rpy    0.0000000000, rpz    0.0000000000, rvx    0.0000000000, rvy    0.0000000000, rvz    0.0000000000, Nsats 1
  PRN  3, px   4628558.4769258667,  py -22563699.6802797914, pz -13554468.5690871328,   vx  2872.4419659182, vy  -804.0440077770, vz  2434.0196217224,   Pr -56486809228088.9687500000,  dPr   102.5787210777
time    301279.8999999975, rpx    0.0000000000, rpy    0.0000000000, rpz    0.0000000000, rvx    0.0000000000, rvy    0.0000000000, rvz    0.0000000000, Nsats 1
  PRN  3, px   4629785.4171660133,  py -22564841.1497763135, pz -13552034.3929466177,   vx  2872.2866849856, vy  -803.7823170408, vz  2434.3026743829,   Pr -56487079041404.0468750000,  dPr   102.5545627013
time    301279.9999999974, rpx    0.0000000000, rpy    0.0000000000, rpz    0.0000000000, rvx    0.0000000000, rvy    0.0000000000, rvz    0.0000000000, Nsats 1
  PRN  3, px   4631012.1188937128,  py -22565982.4470220841, pz -13549599.9337778110,   vx  2872.1313999580, vy  -803.5205872591, vz  2434.5856779441,   Pr -56487348854719.4296875000,  dPr   102.6158878107
time    301280.0999999974, rpx    0.0000000000, rpy    0.0000000000, rpz    0.0000000000, rvx    0.0000000000, rvy    0.0000000000, rvz    0.0000000000, Nsats 1
  PRN  3, px   4632238.5821074666,  py -22567123.5719553381, pz -13547165.1916428711,   vx  2871.9761060718, vy  -803.2588195868, vz  2434.8686325364,   Pr -56487618668033.5078125000,  dPr   102.6288961672
time    301280.1999999974, rpx    0.0000000000, rpy    0.0000000000, rpz    0.0000000000, rvx    0.0000000000, rvy    0.0000000000, rvz    0.0000000000, Nsats 1
  PRN  3, px   4633464.8068199651,  py -22568264.5245270617, pz -13544730.1665766146,   vx  2871.8208034911, vy  -802.9970140603, vz  2435.1515381411,   Pr -56487888481348.0234375000,  dPr   102.6623462269
time    301280.2999999974, rpx    0.0000000000, rpy    0.0000000000, rpz    0.0000000000, rvx    0.0000000000, rvy    0.0000000000, rvz    0.0000000000, Nsats 1
  PRN  3, px   4634690.7930332283,  py -22569405.3046782464, pz -13542294.8586351238,   vx  2871.6654969613, vy  -802.7351695617, vz  2435.4343947582,   Pr -56488158294662.1093750000,  dPr   102.7645547425
time    301280.3999999973, rpx    0.0000000000, rpy    0.0000000000, rpz    0.0000000000, rvx    0.0000000000, rvy    0.0000000000, rvz    0.0000000000, Nsats 1
  PRN  3, px   4635916.5407548575,  py -22570545.9123555757, pz -13539859.2678625789,   vx  2871.5101818034, vy  -802.4732871709, vz  2435.7172024436,   Pr -56488428107976.3437500000,  dPr   102.6363295138
time    301280.4999999973, rpx    0.0000000000, rpy    0.0000000000, rpz    0.0000000000, rvx    0.0000000000, rvy    0.0000000000, rvz    0.0000000000, Nsats 1
  PRN  3, px   4637142.0499949036,  py -22571686.3475076631, pz -13537423.3942989092,   vx  2871.3548594385, vy  -802.2113665519, vz  2435.9999610297,   Pr -56488697921291.8593750000,  dPr   102.7292463462
time    301280.5999999973, rpx    0.0000000000, rpy    0.0000000000, rpz    0.0000000000, rvx    0.0000000000, rvy    0.0000000000, rvz    0.0000000000, Nsats 1
  PRN  3, px   4638367.3207508214,  py -22572826.6100713462, pz -13534987.2380091604,   vx  2871.1995300109, vy  -801.9494077049, vz  2436.2826706842,   Pr -56488967734606.6640625000,  dPr   102.6790712567
time    301280.6999999973, rpx    0.0000000000, rpy    0.0000000000, rpz    0.0000000000, rvx    0.0000000000, rvy    0.0000000000, rvz    0.0000000000, Nsats 1
  PRN  3, px   4639592.3530309265,  py -22573966.6999935918, pz -13532550.7990368139,   vx  2871.0441933958, vy  -801.6874105919, vz  2436.5653312579,   Pr -56489237547921.4609375000,  dPr   102.6623462269
time    301280.7999999973, rpx    0.0000000000, rpy    0.0000000000, rpz    0.0000000000, rvx    0.0000000000, rvy    0.0000000000, rvz    0.0000000000, Nsats 1
  PRN  3, px   4640817.1468453156,  py -22575106.6172232479, pz -13530114.0774214007,   vx  2870.8888480900, vy  -801.4253756221, vz  2436.8479427695,   Pr -56489507361237.4062500000,  dPr   102.6400461871
time    301280.8999999972, rpx    0.0000000000, rpy    0.0000000000, rpz    0.0000000000, rvx    0.0000000000, rvy    0.0000000000, rvz    0.0000000000, Nsats 1
  PRN  3, px   4642041.7021874152,  py -22576246.3616932370, pz -13527677.0732363425,   vx  2870.7334988757, vy  -801.1633016783, vz  2437.1305052936,   Pr -56489777174551.5078125000,  dPr   102.6511962070
time    301280.9999999972, rpx    0.0000000000, rpy    0.0000000000, rpz    0.0000000000, rvx    0.0000000000, rvy    0.0000000000, rvz    0.0000000000, Nsats 1
  PRN  3, px   4643266.0190735469,  py -22577385.9333581999, pz -13525239.7865088452,   vx  2870.5781409251, vy  -800.9011899142, vz  2437.4130187184,   Pr -56490046987866.4453125000,  dPr   102.5973044442
time    301281.0999999972, rpx    0.0000000000, rpy    0.0000000000, rpz    0.0000000000, rvx    0.0000000000, rvy    0.0000000000, rvz    0.0000000000, Nsats 1
  PRN  3, px   4644490.0975076295,  py -22578525.3321609795, pz -13522802.2172912061,   vx  2870.4227760038, vy  -800.6390399197, vz  2437.6954831742,   Pr -56490316801181.8046875000,  dPr   102.6549128803
time    301281.1999999972, rpx    0.0000000000, rpy    0.0000000000, rpz    0.0000000000, rvx    0.0000000000, rvy    0.0000000000, rvz    0.0000000000, Nsats 1
  PRN  3, px   4645713.9374847440,  py -22579664.5580362193, pz -13520364.3656533435,   vx  2870.2674039299, vy  -800.3768516951, vz  2437.9778985307,   Pr -56490586614495.0546875000,  dPr   102.6456211970
time    301281.2999999971, rpx    0.0000000000, rpy    0.0000000000, rpz    0.0000000000, rvx    0.0000000000, rvy    0.0000000000, rvz    0.0000000000, Nsats 1
  PRN  3, px   4646937.5390295340,  py -22580803.6109460630, pz -13517926.2316062879,   vx  2870.1120247567, vy  -800.1146251643, vz  2438.2602648437,   Pr -56490856427810.8437500000,  dPr   102.6660629002
time    301281.3999999971, rpx    0.0000000000, rpy    0.0000000000, rpz    0.0000000000, rvx    0.0000000000, rvy    0.0000000000, rvz    0.0000000000, Nsats 1
  PRN  3, px   4648160.9021318173,  py -22581942.4908204228, pz -13515487.8152301796,   vx  2869.9566385534, vy  -799.8523605141, vz  2438.5425820388,   Pr -56491126241125.3593750000,  dPr   102.6344711771
time    301281.4999999971, rpx    0.0000000000, rpy    0.0000000000, rpz    0.0000000000, rvx    0.0000000000, rvy    0.0000000000, rvz    0.0000000000, Nsats 1
  PRN  3, px   4649384.0268031573,  py -22583081.1976091005, pz -13513049.1165624503,   vx  2869.8012453630, vy  -799.5900576693, vz  2438.8248502091,   Pr -56491396054440.0312500000,  dPr   102.6158878107
time    301281.5999999971, rpx    0.0000000000, rpy    0.0000000000, rpz    0.0000000000, rvx    0.0000000000, rvy    0.0000000000, rvz    0.0000000000, Nsats 1
  PRN  3, px   4650606.9130459456,  py -22584219.7312536649, pz -13510610.1356582884,   vx  2869.6458434676, vy  -799.3277168903, vz  2439.1070693359,   Pr -56491665867754.1093750000,  dPr   102.6251794939
time    301281.6999999970, rpx    0.0000000000, rpy    0.0000000000, rpz    0.0000000000, rvx    0.0000000000, rvy    0.0000000000, rvz    0.0000000000, Nsats 1
  PRN  3, px   4651829.5608724710,  py -22585358.0917045809, pz -13508170.8725537192,   vx  2869.4904376879, vy  -799.0653372078, vz  2439.3892392889,   Pr -56491935681069.2031250000,  dPr   102.6028794541
time    301281.7999999970, rpx    0.0000000000, rpy    0.0000000000, rpz    0.0000000000, rvx    0.0000000000, rvy    0.0000000000, rvz    0.0000000000, Nsats 1
  PRN  3, px   4653051.9702793341,  py -22586496.2788980827, pz -13505731.3273154292,   vx  2869.3350233439, vy  -798.8029197024, vz  2439.6713602543,   Pr -56492205494383.1484375000,  dPr   102.6084544641
time    301281.8999999970, rpx    0.0000000000, rpy    0.0000000000, rpz    0.0000000000, rvx    0.0000000000, rvy    0.0000000000, rvz    0.0000000000, Nsats 3
  PRN  3, px   4654274.1412844993,  py -22587634.2927900217, pz -13503291.4999679662,   vx  2869.1796002927, vy  -798.5404643354, vz  2439.9534319714,   Pr -56492475307698.9531250000,  dPr   102.6177461473
  PRN  6, px  11420912.0141557623,  py -22138496.9447921589, pz  -8578393.5637237988,   vx  2614.8736287916, vy   232.9064066678, vz  2891.3347258233,   Pr -56492475741514.4375000000,  dPr  -197.0008974142
  PRN 22, px  13004913.5143095274,  py -10780877.3066106793, pz -20268434.3634166755,   vx  1556.3649011500, vy  3471.8363298556, vz  -854.4540333375,   Pr -56492475474112.7968750000,  dPr  -260.4091195071
time    301281.9999999970, rpx    0.0000000000, rpy    0.0000000000, rpz    0.0000000000, rvx    0.0000000000, rvy    0.0000000000, rvz    0.0000000000, Nsats 3
  PRN  3, px   4655496.0738808485,  py -22588772.1333127879, pz -13500851.3905861266,   vx  2869.0241734841, vy  -798.2779700271, vz  2440.2354547009,   Pr -56492745121013.4609375000,  dPr   102.6270378305
  PRN  6, px  11421912.3708100133,  py -22139096.7436395697, pz  -8575502.1280439831,   vx  2614.6416778978, vy   233.1982847792, vz  2891.5217131935,   Pr -56492745554530.1796875000,  dPr  -197.0046140875
  PRN 22, px  13005683.8098172545,  py -10778353.7704179399, pz -20269288.5747921281,   vx  1556.3359068302, vy  3471.9567212684, vz  -854.0141855553,   Pr -56492745287064.1406250000,  dPr  -260.3663777641
time    301282.0999999969, rpx    0.0000000000, rpy    0.0000000000, rpz    0.0000000000, rvx    0.0000000000, rvy    0.0000000000, rvz    0.0000000000, Nsats 3
  PRN  3, px   4656717.7680790005,  py -22589909.8004157729, pz -13498410.9992085081,   vx  2868.8687381087, vy  -798.0154379315, vz  2440.5174283125,   Pr -56493014934327.9843750000,  dPr   102.5768627410
  PRN  6, px  11422912.4517781846,  py -22139696.3235251233, pz  -8572610.5054280553,   vx  2614.4097264038, vy   233.4901930786, vz  2891.7086375877,   Pr -56493015367544.2187500000,  dPr  -197.0640808603
  PRN 22, px  13006454.2603525370,  py -10775830.1700266749, pz -20270142.3463142365,   vx  1556.3069054821, vy  3472.0770609728, vz  -853.5743194446,   Pr -56493015100016.9296875000,  dPr  -260.3812444573
time    301282.1999999969, rpx    0.0000000000, rpy    0.0000000000, rpz    0.0000000000, rvx    0.0000000000, rvy    0.0000000000, rvz    0.0000000000, Nsats 3
  PRN  3, px   4657939.2238854254,  py -22591047.2940438502, pz -13495970.3258831073,   vx  2868.7132955967, vy  -797.7528676011, vz  2440.7993526943,   Pr -56493284747642.6406250000,  dPr   102.5638543845
  PRN  6, px  11423912.2570877727,  py -22140295.6844055466, pz  -8569718.6959044673,   vx  2614.1777742321, vy   233.7821315681, vz  2891.8954989873,   Pr -56493285180560.1171875000,  dPr  -197.0808058901
  PRN 22, px  13007224.8659033589,  py -10773306.5055302083, pz -20270995.6779548377,   vx  1556.2778964232, vy  3472.1973478316, vz  -853.1344350800,   Pr -56493284912967.7031250000,  dPr  -260.3477943977
time    301282.2999999969, rpx    0.0000000000, rpy    0.0000000000, rpz    0.0000000000, rvx    0.0000000000, rvy    0.0000000000, rvz    0.0000000000, Nsats 3
  PRN  3, px   4659160.4413090087,  py -22592184.6141448244, pz -13493529.3706519287,   vx  2868.5578446126, vy  -797.4902594079, vz  2441.0812280700,   Pr -56493554560958.3046875000,  dPr   102.5712877311
  PRN  6, px  11424911.7867467646,  py -22140894.8262263089, pz  -8566826.6995570417,   vx  2613.9458215089, vy   234.0741003228, vz  2892.0822975226,   Pr -56493554993575.7187500000,  dPr  -197.1012475932
  PRN 22, px  13007995.6264732368,  py -10770782.7769706901, pz -20271848.5697031394,   vx  1556.2488796008, vy  3472.3175819382, vz  -852.6945325360,   Pr -56493554725919.0625000000,  dPr  -260.2827526150
time    301282.3999999969, rpx    0.0000000000, rpy    0.0000000000, rpz    0.0000000000, rvx    0.0000000000, rvy    0.0000000000, rvz    0.0000000000, Nsats 3
  PRN  3, px   4660381.4203440612,  py -22593321.7606521212, pz -13491088.1335875522,   vx  2868.4023882155, vy  -797.2276127560, vz  2441.3630542904,   Pr -56493824374272.1093750000,  dPr   102.5638543845
  PRN  6, px  11425911.0407732520,  py -22141493.7489389628, pz  -8563934.5164403338,   vx  2613.7138665917, vy   234.3660983754, vz  2892.2690330446,   Pr -56493824806591.8906250000,  dPr  -197.0845225634
  PRN 22, px  13008766.5420593526,  py -10768258.9844112825, pz -20272701.0215411596,   vx  1556.2198548704, vy  3472.4377631806, vz  -852.2546116635,   Pr -56493824538871.1171875000,  dPr  -260.2567359019
time    301282.4999999969, rpx    0.0000000000, rpy    0.0000000000, rpz    0.0000000000, rvx    0.0000000000, rvy    0.0000000000, rvz    0.0000000000, Nsats 3
  PRN  3, px   4661602.1610100521,  py -22594458.7335232385, pz -13488646.6147111244,   vx  2868.2469246887, vy  -796.9649277560, vz  2441.6448312625,   Pr -56494094187587.4765625000,  dPr   102.5211126416
  PRN  6, px  11426910.0191744175,  py -22142092.4524878487, pz  -8561042.1466422286,   vx  2613.4819142076, vy   234.6581282968, vz  2892.4557055905,   Pr -56494094619606.0625000000,  dPr  -197.1495643461
  PRN 22, px  13009537.6126597878,  py -10765735.1279121879, pz -20273553.0334519595,   vx  1556.1908223855, vy  3472.5578916891, vz  -851.8146726117,   Pr -56494094351824.3281250000,  dPr  -260.2585942385
time    301282.5999999968, rpx    0.0000000000, rpy    0.0000000000, rpz    0.0000000000, rvx    0.0000000000, rvy    0.0000000000, rvz    0.0000000000, Nsats 3
  PRN  3, px   4662822.6633075429,  py -22595595.5326977037, pz -13486204.8140822928,   vx  2868.0914560208, vy  -796.7022044078, vz  2441.9265592471,   Pr -56494364000903.1250000000,  dPr   102.5192543049
  PRN  6, px  11427908.7219758891,  py -22142690.9368291646, pz  -8558149.5901952237,   vx  2613.2499596780, vy   234.9501875186, vz  2892.6423151605,   Pr -56494364432621.3828125000,  dPr  -197.1830144058
  PRN 22, px  13010308.8382625096,  py -10763211.2075664885, pz -20274404.6054075323,   vx  1556.1617821528, vy  3472.6779674628, vz  -851.3747153059,   Pr -56494364164775.2578125000,  dPr  -260.2139941590
time    301282.6999999968, rpx    0.0000000000, rpy    0.0000000000, rpz    0.0000000000, rvx    0.0000000000, rvy    0.0000000000, rvz    0.0000000000, Nsats 3
  PRN  3, px   4664042.9272397738,  py -22596732.1581179313, pz -13483762.7317546215,   vx  2867.9359770482, vy  -796.4394434934, vz  2442.2082380205,   Pr -56494633814218.5156250000,  dPr   102.5099626217
  PRN  6, px  11428907.1491917875,  py -22143289.2019116729, pz  -8555256.8471665084,   vx  2613.0180045825, vy   235.2422769358, vz  2892.8288617358,   Pr -56494634245637.4218750000,  dPr  -197.1997394356
  PRN 22, px  13011080.2188761421,  py -10760687.2233997304, pz -20275255.7374026403,   vx  1556.1327340624, vy  3472.7979904279, vz  -850.9347397834,   Pr -56494633977728.4765625000,  dPr  -260.1954107925
time    301282.7999999968, rpx    0.0000000000, rpy    0.0000000000, rpz    0.0000000000, rvx    0.0000000000, rvy    0.0000000000, rvz    0.0000000000, Nsats 3
  PRN  3, px   4665262.9528143620,  py -22597868.6097297408, pz -13481320.3677741382,   vx  2867.7804943512, vy  -796.1766436711, vz  2442.4898675829,   Pr -56494903627534.0312500000,  dPr   102.5322626615
  PRN  6, px  11429905.3008255381,  py -22143887.2476780117, pz  -8552363.9176535811,   vx  2612.7860488983, vy   235.5343965486, vz  2893.0153453536,   Pr -56494904058650.6015625000,  dPr  -197.1848727424
  PRN 22, px  13011851.7544871718,  py -10758163.1755098253, pz -20276106.4294076748,   vx  1556.1036788480, vy  3472.9179615146, vz  -850.4947460070,   Pr -56494903790679.9609375000,  dPr  -260.1173606533
time    301282.8999999968, rpx    0.0000000000, rpy    0.0000000000, rpz    0.0000000000, rvx    0.0000000000, rvy    0.0000000000, rvz    0.0000000000, Nsats 3
  PRN  3, px   4666482.7400245480,  py -22599004.8874664195, pz -13478877.7222141717,   vx  2867.6250014245, vy  -795.9138063944, vz  2442.7714480273,   Pr -56495173440846.6875000000,  dPr   102.4895209186
  PRN  6, px  11430903.1769081596,  py -22144485.0740873814, pz  -8549470.8016739618,   vx  2612.5540926597, vy   235.8265462848, vz  2893.2017659768,   Pr -56495173871665.6250000000,  dPr  -197.2238978120
  PRN 22, px  13012623.4450965393,  py -10755639.0639473423, pz -20276956.6814089902,   vx  1556.0746143153, vy  3473.0378780594, vz  -850.0547340512,   Pr -56495173603631.3203125000,  dPr  -260.1099273067
time    301282.9999999967, rpx    0.0000000000, rpy    0.0000000000, rpz    0.0000000000, rvx    0.0000000000, rvy    0.0000000000, rvz    0.0000000000, Nsats 3
  PRN  3, px   4667702.2888984354,  py -22600140.9912928417, pz -13476434.7950798161,   vx  2867.4695048405, vy  -795.6509302456, vz  2443.0529792793,   Pr -56495443254161.9218750000,  dPr   102.4709375521
  PRN  6, px  11431900.7774510663,  py -22145082.6810868792, pz  -8546577.4993029367,   vx  2612.3221358814, vy   236.1187261825, vz  2893.3881235495,   Pr -56495443684681.2265625000,  dPr  -197.2480561885
  PRN 22, px  13013395.2907001805,  py -10753114.8887791894, pz -20277806.4933874570,   vx  1556.0455427788, vy  3473.1577426885, vz  -849.6147039905,   Pr -56495443416582.2265625000,  dPr  -260.0894856035
time    301283.0999999967, rpx    0.0000000000, rpy    0.0000000000, rpz    0.0000000000, rvx    0.0000000000, rvy    0.0000000000, rvz    0.0000000000, Nsats 3
  PRN  3, px   4668921.5994276581,  py -22601276.9211404473, pz -13473991.5864482615,   vx  2867.3139997142, vy  -795.3880163056, vz  2443.3344613947,   Pr -56495713067476.2812500000,  dPr   102.4876625819
  PRN  6, px  11432898.1024676766,  py -22145680.0686252341, pz  -8543684.0106088798,   vx  2612.0901785783, vy   236.4109362427, vz  2893.5744182207,   Pr -56495713497696.8437500000,  dPr  -197.2443395152
  PRN 22, px  13014167.2913035452,  py -10750590.6500412859, pz -20278655.8653343245,   vx  1556.0164632912, vy  3473.2775545080, vz  -849.1746556014,   Pr -56495713229536.0156250000,  dPr  -260.0132938009
time    301283.1999999967, rpx    0.0000000000, rpy    0.0000000000, rpz    0.0000000000, rvx    0.0000000000, rvy    0.0000000000, rvz    0.0000000000, Nsats 3
  PRN  3, px   4670140.6716186814,  py -22602412.6769543327, pz -13471548.0963672660,   vx  2867.1584876061, vy  -795.1250640896, vz  2443.6158942990,   Pr -56495982880789.9453125000,  dPr   102.4356291558
  PRN  6, px  11433895.1519700009,  py -22146277.2366501167, pz  -8540790.3356649019,   vx  2611.8582207094, vy   236.7031763918, vz  2893.7606498413,   Pr -56495983310711.4375000000,  dPr  -197.2945146047
  PRN 22, px  13014939.4468908291,  py -10748066.3478388805, pz -20279504.7972175851,   vx  1555.9873760837, vy  3473.3973135728, vz  -848.7345891446,   Pr -56495983042487.7968750000,  dPr  -260.0355938407
time    301283.2999999967, rpx    0.0000000000, rpy    0.0000000000, rpz    0.0000000000, rvx    0.0000000000, rvy    0.0000000000, rvz    0.0000000000, Nsats 3
  PRN  3, px   4671359.5054898076,  py -22603548.2586908378, pz -13469104.3248605542,   vx  2867.0029685970, vy  -794.8620737826, vz  2443.8972779736,   Pr -56496252694106.0312500000,  dPr   102.4040374327
  PRN  6, px  11434891.9259771369,  py -22146874.1851132996, pz  -8537896.4745239001,   vx  2611.6262623456, vy   236.9954467428, vz  2893.9468184486,   Pr -56496253123726.0468750000,  dPr  -197.3353980109
  PRN 22, px  13015711.7574631702,  py -10745541.9822215885, pz -20280353.2890239619,   vx  1555.9582808433, vy  3473.5170198457, vz  -848.2945044711,   Pr -56496252855439.2968750000,  dPr  -260.0170104742
time    301283.3999999966, rpx    0.0000000000, rpy    0.0000000000, rpz    0.0000000000, rvx    0.0000000000, rvy    0.0000000000, rvz    0.0000000000, Nsats 3
  PRN  3, px   4672578.1010314533,  py -22604683.6662798114, pz -13466660.2720086146,   vx  2866.8474427654, vy  -794.5990453481, vz  2444.1786125675,   Pr -56496522507420.7031250000,  dPr   102.4021790961
  PRN  6, px  11435888.4245034028,  py -22147470.9139639996, pz  -8535002.4272519108,   vx  2611.3943034646, vy   237.2877472224, vz  2894.1329241171,   Pr -56496522936740.3515625000,  dPr  -197.3484063675
  PRN 22, px  13016484.2230180893,  py -10743017.5532512162, pz -20281201.3407360427,   vx  1555.9291779097, vy  3473.6366733078, vz  -847.8544016555,   Pr -56496522668390.7812500000,  dPr  -259.9872770879
time    301283.4999999966, rpx    0.0000000000, rpy    0.0000000000, rpz    0.0000000000, rvx    0.0000000000, rvy    0.0000000000, rvz    0.0000000000, Nsats 3
  PRN  3, px   4673796.4582550423,  py -22605818.8996709995, pz -13464215.9378492702,   vx  2866.6919099030, vy  -794.3359786734, vz  2444.4598978385,   Pr -56496792320735.3593750000,  dPr   102.4021790961
  PRN  6, px  11436884.6475615744,  py -22148067.4231503047, pz  -8532108.1939200349,   vx  2611.1623439882, vy   237.5800778314, vz  2894.3189666979,   Pr -56496792749753.5312500000,  dPr  -197.3688480706
  PRN 22, px  13017256.8435516693,  py -10740493.0609939247, pz -20282048.9523349963,   vx  1555.9000670085, vy  3473.7562740520, vz  -847.4142807722,   Pr -56496792481342.0000000000,  dPr  -259.9259519785
time    301283.5999999966, rpx    0.0000000000, rpy    0.0000000000, rpz    0.0000000000, rvx    0.0000000000, rvy    0.0000000000, rvz    0.0000000000, Nsats 3
  PRN  3, px   4675014.5771709746,  py -22606953.9588133283, pz -13461771.3224221952,   vx  2866.5363701455, vy  -794.0728738323, vz  2444.7411339171,   Pr -56497062134051.1640625000,  dPr   102.3966040861
  PRN  6, px  11437880.5951802637,  py -22148663.7126300447, pz  -8529213.7745527066,   vx  2610.9303840995, vy   237.8724385347, vz  2894.5049462840,   Pr -56497062562769.5703125000,  dPr  -197.3781397539
  PRN 22, px  13018029.6190671492,  py -10737968.5054925364, pz -20282896.1238098331,   vx  1555.8709482357, vy  3473.8758218924, vz  -846.9741416723,   Pr -56497062294295.4921875000,  dPr  -259.8887852455
time    301283.6999999966, rpx    0.0000000000, rpy    0.0000000000, rpz    0.0000000000, rvx    0.0000000000, rvy    0.0000000000, rvz    0.0000000000, Nsats 3
  PRN  3, px   4676232.4577699192,  py -22608088.8436371237, pz -13459326.4258070514,   vx  2866.3808218861, vy  -793.8097312353, vz  2445.0223207660,   Pr -56497331947364.3906250000,  dPr   102.4003207594
  PRN  6, px  11438876.2673567254,  py -22149259.7823417597, pz  -8526319.1692668572,   vx  2610.6984237008, vy   238.1648294066, vz  2894.6908628568,   Pr -56497332375782.8828125000,  dPr  -197.3762814172
  PRN 22, px  13018802.5495540537,  py -10735443.8868348282, pz -20283742.8551344350,   vx  1555.8418215979, vy  3473.9953170701, vz  -846.5339845046,   Pr -56497332107248.4218750000,  dPr  -259.8441851659
time    301283.7999999966, rpx    0.0000000000, rpy    0.0000000000, rpz    0.0000000000, rvx    0.0000000000, rvy    0.0000000000, rvz    0.0000000000, Nsats 3
  PRN  3, px   4677450.1000759844,  py -22609223.5541036427, pz -13456881.2480167747,   vx  2866.2252699741, vy  -793.5465498002, vz  2445.3034583852,   Pr -56497601760679.4843750000,  dPr   102.3743040464
  PRN  6, px  11439871.6641216017,  py -22149855.6322444417, pz  -8523424.3780812006,   vx  2610.4664627707, vy   238.4572503749, vz  2894.8767163791,   Pr -56497602188798.0703125000,  dPr  -197.4060148036
  PRN 22, px  13019575.6350151878,  py -10732919.2050647587, pz -20284589.1462974809,   vx  1555.8126870424, vy  3474.1147594552, vz  -846.0938091576,   Pr -56497601920203.2031250000,  dPr  -259.8348934827
time    301283.8999999965, rpx    0.0000000000, rpy    0.0000000000, rpz    0.0000000000, rvx    0.0000000000, rvy    0.0000000000, rvz    0.0000000000, Nsats 3
  PRN  3, px   4678667.5040830662,  py -22610358.0901465155, pz -13454435.7891240660,   vx  2866.0697080066, vy  -793.2833308686, vz  2445.5845468864,   Pr -56497871573993.5625000000,  dPr   102.3891707395
  PRN  6, px  11440866.7854933236,  py -22150451.2622894980, pz  -8520529.4010506682,   vx  2610.2345013800, vy   238.7497014408, vz  2895.0625069067,   Pr -56497872001815.9531250000,  dPr  -197.4022981303
  PRN 22, px  13020348.8754311297,  py -10730394.4602992311, pz -20285434.9972631447,   vx  1555.7835454159, vy  3474.2341499029, vz  -845.6536157802,   Pr -56497871733153.5625000000,  dPr  -259.7847183932
time    301283.9999999965, rpx    0.0000000000, rpy    0.0000000000, rpz    0.0000000000, rvx    0.0000000000, rvy    0.0000000000, rvz    0.0000000000, Nsats 3
  PRN  3, px   4679884.6698041977,  py -22611492.4517167099, pz -13451990.0491640791,   vx  2865.9141423408, vy  -793.0200731358, vz  2445.8655860648,   Pr -56498141387308.3593750000,  dPr   102.3315623034
  PRN  6, px  11441861.6314598266,  py -22151046.6724104099, pz  -8517634.2383181695,   vx  2610.0025395611, vy   239.0421826035, vz  2895.2482344024,   Pr -56498141814828.2734375000,  dPr  -197.4673399130
  PRN 22, px  13021122.2708176915,  py -10727869.6525397729, pz -20286280.4080342986,   vx  1555.7543950607, vy  3474.3534867195, vz  -845.2134042978,   Pr -56498141546106.9062500000,  dPr  -259.8033017597
time    301284.0999999965, rpx    0.0000000000, rpy    0.0000000000, rpz    0.0000000000, rvx    0.0000000000, rvy    0.0000000000, rvz    0.0000000000, Nsats 3
  PRN  3, px   4681101.5972422697,  py -22612626.6387560889, pz -13449544.0281917360,   vx  2865.7585666489, vy  -792.7567779053, vz  2446.1465760320,   Pr -56498411200623.1718750000,  dPr   102.3947457495
  PRN  6, px  11442856.2020684686,  py -22151641.8625759520, pz  -8514738.8898543976,   vx  2609.7705772559, vy   239.3346939037, vz  2895.4338988476,   Pr -56498411627844.5937500000,  dPr  -197.4060148036
  PRN 22, px  13021895.8211582620,  py -10725344.7818938624, pz -20287125.3785783388,   vx  1555.7252360405, vy  3474.4727696801, vz  -844.7731747106,   Pr -56498411359058.1171875000,  dPr  -259.6750765309
time    301284.1999999965, rpx    0.0000000000, rpy    0.0000000000, rpz    0.0000000000, rvx    0.0000000000, rvy    0.0000000000, rvz    0.0000000000, Nsats 3
  PRN  3, px   4682318.2863990869,  py -22613760.6512052119, pz -13447097.7262646873,   vx  2865.6029872874, vy  -792.4934438358, vz  2446.4275167510,   Pr -56498681013936.9687500000,  dPr   102.3389956500
  PRN  6, px  11443850.4973150007,  py -22152236.8327239864, pz  -8511843.3557803612,   vx  2609.5386144971, vy   239.6272353039, vz  2895.6195002235,   Pr -56498681440858.9062500000,  dPr  -197.4840649428
  PRN 22, px  13022669.5264599696,  py -10722819.8483916372, pz -20287969.9088885076,   vx  1555.6960706300, vy  3474.5920018960, vz  -844.3329270557,   Pr -56498681172011.1875000000,  dPr  -259.7085265906
time    301284.2999999964, rpx    0.0000000000, rpy    0.0000000000, rpz    0.0000000000, rvx    0.0000000000, rvy    0.0000000000, rvz    0.0000000000, Nsats 3
  PRN  3, px   4683534.7372909142,  py -22614894.4890183508, pz -13444651.1434111148,   vx  2865.4473993635, vy  -792.2300719695, vz  2446.7084081471,   Pr -56498950827252.3359375000,  dPr   102.4114707793
  PRN  6, px  11444844.5172220562,  py -22152831.5828087181, pz  -8508947.6361382082,   vx  2609.3066512628, vy   239.9198067684, vz  2895.8050385676,   Pr -56498951253873.3750000000,  dPr  -197.4153064868
  PRN 22, px  13023443.3867174163,  py -10720294.8521035742, pz -20288813.9989446588,   vx  1555.6668957424, vy  3474.7111793248, vz  -843.8926613331,   Pr -56498950984965.3906250000,  dPr  -259.5858763718
time    301284.3999999964, rpx    0.0000000000, rpy    0.0000000000, rpz    0.0000000000, rvx    0.0000000000, rvy    0.0000000000, rvz    0.0000000000, Nsats 3
  PRN  3, px   4684750.9499104554,  py -22616028.1521275602, pz -13442204.2797070388,   vx  2865.2918048003, vy  -791.9666619713, vz  2446.9892504252,   Pr -56499220640566.0000000000,  dPr   102.3705873731
  PRN  6, px  11445838.2618039697,  py -22153426.1127789579, pz  -8506051.7309953719,   vx  2609.0746876609, vy   240.2124082982, vz  2895.9905138798,   Pr -56499221066887.5468750000,  dPr  -197.4599065664
  PRN 22, px  13024217.4019256104,  py -10717769.7930994369, pz -20289657.6487267688,   vx  1555.6377137110, vy  3474.8303049650, vz  -843.4523775801,   Pr -56499220797920.0312500000,  dPr  -259.5654346687
time    301284.4999999964, rpx    0.0000000000, rpy    0.0000000000, rpz    0.0000000000, rvx    0.0000000000, rvy    0.0000000000, rvz    0.0000000000, Nsats 3
  PRN  3, px   4685966.9242755659,  py -22617161.6404886395, pz -13439757.1351773851,   vx  2865.1362032404, vy  -791.7032138402, vz  2447.2700432874,   Pr -56499490453880.9375000000,  dPr   102.3612956898
  PRN  6, px  11446831.7310780697,  py -22154020.4225858673, pz  -8503155.6404091697,   vx  2608.8427236321, vy   240.5050398948, vz  2896.1759261228,   Pr -56499490879902.0078125000,  dPr  -197.4691982496
  PRN 22, px  13024991.5720743984,  py -10715244.6714652125, pz -20290500.8582095243,   vx  1555.6085237038, vy  3474.9493777541, vz  -843.0120757222,   Pr -56499490610872.5312500000,  dPr  -259.5542846488
time    301284.5999999964, rpx    0.0000000000, rpy    0.0000000000, rpz    0.0000000000, rvx    0.0000000000, rvy    0.0000000000, rvz    0.0000000000, Nsats 3
  PRN  3, px   4687182.6603870736,  py -22618294.9540413208, pz -13437309.7098816652,   vx  2864.9805932174, vy  -791.4397278367, vz  2447.5507869199,   Pr -56499760267195.8906250000,  dPr   102.3278456301
  PRN  6, px  11447824.9250630178,  py -22154614.5121808052, pz  -8500259.3644345719,   vx  2608.6107590983, vy   240.7977015965, vz  2896.3612752967,   Pr -56499760692917.6093750000,  dPr  -197.5212316758
  PRN 22, px  13025765.8971675262,  py -10712719.4872419480, pz -20291343.6273825504,   vx  1555.5793257799, vy  3475.0683977670, vz  -842.5717559084,   Pr -56499760423825.6015625000,  dPr  -259.5375596189
time    301284.6999999963, rpx    0.0000000000, rpy    0.0000000000, rpz    0.0000000000, rvx    0.0000000000, rvy    0.0000000000, rvz    0.0000000000, Nsats 3
  PRN  3, px   4688398.1582475342,  py -22619428.0927266963, pz -13434862.0038764328,   vx  2864.8249796816, vy  -791.1762031411, vz  2447.8314812854,   Pr -56500030080509.9687500000,  dPr   102.3111206003
  PRN  6, px  11448817.8437642474,  py -22155208.3815078288, pz  -8497362.9031636305,   vx  2608.3787926583, vy   241.0903925844, vz  2896.5465614386,   Pr -56500030505931.3437500000,  dPr  -197.5379567056
  PRN 22, px  13026540.3772029784,  py -10710194.2404891122, pz -20292185.9562293850,   vx  1555.5501207071, vy  3475.1873658975, vz  -842.1314180642,   Pr -56500030236779.8046875000,  dPr  -259.5338429456
time    301284.7999999963, rpx    0.0000000000, rpy    0.0000000000, rpz    0.0000000000, rvx    0.0000000000, rvy    0.0000000000, rvz    0.0000000000, Nsats 3
  PRN  3, px   4689613.4178655697,  py -22620561.0564921685, pz -13432414.0172048397,   vx  2864.6693577118, vy  -790.9126406469, vz  2448.1121263281,   Pr -56500299893823.9218750000,  dPr   102.2795288773
  PRN  6, px  11449810.4872059226,  py -22155802.0305214897, pz  -8494466.2566356473,   vx  2608.1468289656, vy   241.3831152071, vz  2896.7317844741,   Pr -56500300318945.6718750000,  dPr  -197.6048568250
  PRN 22, px  13027315.0121596474,  py -10707668.9313284401, pz -20293027.8447127901,   vx  1555.5209067622, vy  3475.3062803746, vz  -841.6910621151,   Pr -56500300049728.3046875000,  dPr  -259.5226929258
time    301284.8999999963, rpx    0.0000000000, rpy    0.0000000000, rpz    0.0000000000, rvx    0.0000000000, rvy    0.0000000000, rvz    0.0000000000, Nsats 3
  PRN  3, px   4690828.4392541256,  py -22621693.8452885263, pz -13429965.7499024980,   vx  2864.5137273975, vy  -790.6490403531, vz  2448.3927221969,   Pr -56500569707139.4375000000,  dPr   102.2720955307
  PRN  6, px  11450802.8554075491,  py -22156395.4591743015, pz  -8491569.4249015469,   vx  2607.9148632296, vy   241.6758671190, vz  2896.9169444405,   Pr -56500570131961.8515625000,  dPr  -197.6048568250
  PRN 22, px  13028089.8020629138,  py -10705143.5597302392, pz -20293869.2928460389,   vx  1555.4916841850, vy  3475.4251409394, vz  -841.2506882846,   Pr -56500569862682.2265625000,  dPr  -259.4669428263
time    301284.9999999963, rpx    0.0000000000, rpy    0.0000000000, rpz    0.0000000000, rvx    0.0000000000, rvy    0.0000000000, rvz    0.0000000000, Nsats 3
  PRN  3, px   4692043.2224072032,  py -22622826.4590489604, pz -13427517.2020430733,   vx  2864.3580934277, vy  -790.3854011798, vz  2448.6732686870,   Pr -56500839520453.5156250000,  dPr   102.3612956898
  PRN  6, px  11451794.9483701847,  py -22156988.6674073376, pz  -8488672.4080672301,   vx  2607.6828971597, vy   241.9686490653, vz  2897.1020413563,   Pr -56500839944975.4453125000,  dPr  -197.5193733391
  PRN 22, px  13028864.7468908541,  py -10702618.1258188486, pz -20294710.3005910292,   vx  1555.4624543817, vy  3475.5439498441, vz  -840.8102964237,   Pr -56500839675634.4296875000,  dPr  -259.3071258745
time    301285.0999999963, rpx    0.0000000000, rpy    0.0000000000, rpz    0.0000000000, rvx    0.0000000000, rvy    0.0000000000, rvz    0.0000000000, Nsats 3
  PRN  3, px   4693257.7673339713,  py -22623958.8977213576, pz -13425068.3736687489,   vx  2864.2024510303, vy  -790.1217243557, vz  2448.9537658356,   Pr -56501109333767.0390625000,  dPr   102.2033370747
  PRN  6, px  11452786.7661172859,  py -22157581.6551749706, pz  -8485775.2061735205,   vx  2607.4509307340, vy   242.2614611223, vz  2897.2870752029,   Pr -56501109757988.7578125000,  dPr  -197.6698986077
  PRN 22, px  13029639.8466494251,  py -10700092.6296278890, pz -20295550.8679399081,   vx  1555.4332165910, vy  3475.6627058411, vz  -840.3698865697,   Pr -56501109488588.5156250000,  dPr  -259.4279177567
time    301285.1999999962, rpx    0.0000000000, rpy    0.0000000000, rpz    0.0000000000, rvx    0.0000000000, rvy    0.0000000000, rvz    0.0000000000, Nsats 3
  PRN  3, px   4694472.0740521597,  py -22625091.1612609141, pz -13422619.2648055945,   vx  2864.0468018410, vy  -789.8580093208, vz  2449.2342136428,   Pr -56501379147082.8515625000,  dPr   102.2869622239
  PRN  6, px  11453778.3086757194,  py -22158174.4224339165, pz  -8482877.8192504458,   vx  2607.2189639120, vy   242.5543031801, vz  2897.4720459618,   Pr -56501379571005.2187500000,  dPr  -197.6085734983
  PRN 22, px  13030415.1013238803,  py -10697567.0712581165, pz -20296390.9948625155,   vx  1555.4039708016, vy  3475.7814090597, vz  -839.9294586852,   Pr -56501379301540.1406250000,  dPr  -259.2978341913
time    301285.2999999962, rpx    0.0000000000, rpy    0.0000000000, rpz    0.0000000000, rvx    0.0000000000, rvy    0.0000000000, rvz    0.0000000000, Nsats 3
  PRN  3, px   4695686.1425514417,  py -22626223.2495969981, pz -13420169.8755357061,   vx  2863.8911443834, vy  -789.5942564855, vz  2449.5146122575,   Pr -56501648960396.9218750000,  dPr   102.2646621841
  PRN  6, px  11454769.5760467406,  py -22158766.9691252746, pz  -8479980.2474037632,   vx  2606.9869967452, vy   242.8471752388, vz  2897.6569535770,   Pr -56501649384020.3984375000,  dPr  -197.6401652213
  PRN 22, px  13031190.5109186936,  py -10695041.4507478736, pz -20297230.6813494451,   vx  1555.3747170537, vy  3475.9000594818, vz  -839.4890128449,   Pr -56501649114492.3593750000,  dPr  -259.2904008447
time    301285.3999999962, rpx    0.0000000000, rpy    0.0000000000, rpz    0.0000000000, rvx    0.0000000000, rvy    0.0000000000, rvz    0.0000000000, Nsats 3
  PRN  3, px   4696899.9728507884,  py -22627355.1626861021, pz -13417720.2058824748,   vx  2863.7354832921, vy  -789.3304649543, vz  2449.7949614748,   Pr -56501918773712.4531250000,  dPr   102.3520040066
  PRN  6, px  11455760.5682454985,  py -22159359.2951986566, pz  -8477082.4906980768,   vx  2606.7550291743, vy   243.1400774113, vz  2897.8417981416,   Pr -56501919197034.1562500000,  dPr  -197.5676900920
  PRN 22, px  13031966.0754362196,  py -10692515.7681422625, pz -20298069.9273890331,   vx  1555.3454560023, vy  3476.0186580945, vz  -839.0485490859,   Pr -56501918927447.4218750000,  dPr  -259.1789006458
time    301285.4999999962, rpx    0.0000000000, rpy    0.0000000000, rpz    0.0000000000, rvx    0.0000000000, rvy    0.0000000000, rvz    0.0000000000, Nsats 3
  PRN  3, px   4698113.5649443120,  py -22628486.9004618339, pz -13415270.2559188902,   vx  2863.5798122107, vy  -789.0666358827, vz  2450.0752613693,   Pr -56502188587026.5312500000,  dPr   102.3817373929
  PRN  6, px  11456751.2852924783,  py -22159951.4006067291, pz  -8474184.5491828192,   vx  2606.5230613446, vy   243.4330095501, vz  2898.0265796371,   Pr -56502189010047.8828125000,  dPr  -197.5453900522
  PRN 22, px  13032741.7948540784,  py -10689990.0235666893, pz -20298908.7329430096,   vx  1555.3161854400, vy  3476.1372020092, vz  -838.6080673337,   Pr -56502188740398.0625000000,  dPr  -259.1045671799
time    301285.5999999961, rpx    0.0000000000, rpy    0.0000000000, rpz    0.0000000000, rvx    0.0000000000, rvy    0.0000000000, rvz    0.0000000000, Nsats 3
  PRN  3, px   4699326.9188436335,  py -22629618.4628736079, pz -13412820.0256835893,   vx  2863.4241376175, vy  -788.8027681521, vz  2450.3555119038,   Pr -56502458400340.4765625000,  dPr   102.3315623034
  PRN  6, px  11457741.7272110116,  py -22160543.2853040248, pz  -8471286.4228986595,   vx  2606.2910931598, vy   243.7259717313, vz  2898.2112980075,   Pr -56502458823063.9218750000,  dPr  -197.6029984883
  PRN 22, px  13033517.6691884436,  py -10687464.2170214485, pz -20299747.0980145819,   vx  1555.2869076208, vy  3476.2556940025, vz  -838.1675677374,   Pr -56502458553351.8515625000,  dPr  -259.1064255165
time    301285.6999999961, rpx    0.0000000000, rpy    0.0000000000, rpz    0.0000000000, rvx    0.0000000000, rvy    0.0000000000, rvz    0.0000000000, Nsats 3
  PRN  3, px   4700540.0345567539,  py -22630749.8498681895, pz -13410369.5152212139,   vx  2863.2684547217, vy  -788.5388625814, vz  2450.6357131340,   Pr -56502728213654.8437500000,  dPr   102.3148372736
  PRN  6, px  11458731.8940053955,  py -22161134.9492336661, pz  -8468388.1119420994,   vx  2606.0591245785, vy   244.0189639181, vz  2898.3959532529,   Pr -56502728636078.8125000000,  dPr  -197.6345902113
  PRN 22, px  13034293.6984257400,  py -10684938.3486033250, pz -20300585.0225749761,   vx  1555.2576217694, vy  3476.3741331419, vz  -837.7270501480,   Pr -56502728366304.9062500000,  dPr  -259.1101421898
time    301285.7999999961, rpx    0.0000000000, rpy    0.0000000000, rpz    0.0000000000, rvx    0.0000000000, rvy    0.0000000000, rvz    0.0000000000, Nsats 3
  PRN  3, px   4701752.9120949730,  py -22631881.0613948964, pz -13407918.7245706934,   vx  2863.1127650097, vy  -788.2749188720, vz  2450.9158650041,   Pr -56502998026970.9296875000,  dPr   102.2999705804
  PRN  6, px  11459721.7856977284,  py -22161726.3923491798, pz  -8465489.6163581945,   vx  2605.8271557277, vy   244.3119861120, vz  2898.5805453733,   Pr -56502998449094.4140625000,  dPr  -197.6606069244
  PRN 22, px  13035069.8825640902,  py -10682412.4183711875, pz -20301422.5066079833,   vx  1555.2283278900, vy  3476.4925196323, vz  -837.2865147144,   Pr -56502998179257.8359375000,  dPr  -259.0451004071
time    301285.8999999961, rpx    0.0000000000, rpy    0.0000000000, rpz    0.0000000000, rvx    0.0000000000, rvy    0.0000000000, rvz    0.0000000000, Nsats 3
  PRN  3, px   4702965.5514506558,  py -22633012.0973853171, pz -13405467.6538093481,   vx  2862.9570669025, vy  -788.0109373968, vz  2451.1959674768,   Pr -56503267840285.3125000000,  dPr   102.3594373532
  PRN  6, px  11460711.4022966325,  py -22162317.6145963594, pz  -8462590.9362306371,   vx  2605.5951866033, vy   244.6050383881, vz  2898.7650744058,   Pr -56503268262108.6015625000,  dPr  -197.5937068051
  PRN 22, px  13035846.2216023747,  py -10679886.4263810478, pz -20302259.5500984155,   vx  1555.1990259495, vy  3476.6108531756, vz  -836.8459612876,   Pr -56503267992211.6250000000,  dPr  -258.9298835349
time    301285.9999999960, rpx    0.0000000000, rpy    0.0000000000, rpz    0.0000000000, rvx    0.0000000000, rvy    0.0000000000, rvz    0.0000000000, Nsats 3
  PRN  3, px   4704177.9526304211,  py -22634142.9577845298, pz -13403016.3029853962,   vx  2862.8013637675, vy  -787.7469175220, vz  2451.4760206454,   Pr -56503537653598.1171875000,  dPr   102.2330704611
  PRN  6, px  11461700.7438220512,  py -22162908.6159276329, pz  -8459692.0716104023,   vx  2605.3632170903, vy   244.8981205990, vz  2898.9495403506,   Pr -56503538075122.6250000000,  dPr  -197.7200736972
  PRN 22, px  13036622.7155326437,  py -10677360.3727114834, pz -20303096.1530235559,   vx  1555.1697167173, vy  3476.7291349445, vz  -836.4053900540,   Pr -56503537805164.5390625000,  dPr  -259.0172253574
time    301286.0999999960, rpx    0.0000000000, rpy    0.0000000000, rpz    0.0000000000, rvx    0.0000000000, rvy    0.0000000000, rvz    0.0000000000, Nsats 3
  PRN  3, px   4705390.1156507023,  py -22635273.6425467543, pz -13400564.6721272301,   vx  2862.6456555456, vy  -787.4828592838, vz  2451.7560243793,   Pr -56503807466911.9218750000,  dPr   102.2312121244
  PRN  6, px  11462689.8102928214,  py -22163499.3962945715, pz  -8456793.0225521643,   vx  2605.1312472967, vy   245.1912328578, vz  2899.1339431517,   Pr -56503807888137.3750000000,  dPr  -197.7572404301
  PRN 22, px  13037399.3643547278,  py -10674834.2574154679, pz -20303932.3153692074,   vx  1555.1403979807, vy  3476.8473621453, vz  -835.9648008272,   Pr -56503807618117.9062500000,  dPr  -258.9819169611
time    301286.1999999960, rpx    0.0000000000, rpy    0.0000000000, rpz    0.0000000000, rvx    0.0000000000, rvy    0.0000000000, rvz    0.0000000000, Nsats 3
  PRN  3, px   4706602.0405175742,  py -22636404.1516165212, pz -13398112.7612842303,   vx  2862.4899388798, vy  -787.2187632032, vz  2452.0359787159,   Pr -56504077280226.7109375000,  dPr   102.2144870946
  PRN  6, px  11463678.6017208975,  py -22164089.9556448944, pz  -8453893.7891301941,   vx  2604.8992772189, vy   245.4843751280, vz  2899.3182828091,   Pr -56504077701151.6875000000,  dPr  -197.7776821333
  PRN 22, px  13038176.1680627745,  py -10672308.0805646870, pz -20304768.0371149555,   vx  1555.1110718497, vy  3476.9655371988, vz  -835.5241937563,   Pr -56504077431070.8203125000,  dPr  -258.9596169213
time    301286.2999999960, rpx    0.0000000000, rpy    0.0000000000, rpz    0.0000000000, rvx    0.0000000000, rvy    0.0000000000, rvz    0.0000000000, Nsats 3
  PRN  3, px   4707813.7272371808,  py -22637534.4849384613, pz -13395660.5705056172,   vx  2862.3342157407, vy  -786.9546290935, vz  2452.3158838227,   Pr -56504347093542.5156250000,  dPr   102.2795288773
  PRN  6, px  11464667.1181258336,  py -22164680.2939308770, pz  -8450994.3713964764,   vx  2604.6673069650, vy   245.7775472621, vz  2899.5025593601,   Pr -56504347514166.7187500000,  dPr  -197.6940569841
  PRN 22, px  13038953.1266584955,  py -10669781.8422060162, pz -20305603.3182486296,   vx  1555.0817384582, vy  3477.0836605150, vz  -835.0835688412,   Pr -56504347244025.3203125000,  dPr  -258.8611250789
time    301286.3999999959, rpx    0.0000000000, rpy    0.0000000000, rpz    0.0000000000, rvx    0.0000000000, rvy    0.0000000000, rvz    0.0000000000, Nsats 3
  PRN  3, px   4709025.1758012408,  py -22638664.6424435228, pz -13393208.0998701900,   vx  2862.1784857505, vy  -786.6904568436, vz  2452.5957394019,   Pr -56504616906855.7421875000,  dPr   102.2256371145
  PRN  6, px  11465655.3595194872,  py -22165270.4110998400, pz  -8448094.7694264613,   vx  2604.4353363077, vy   246.0707495218, vz  2899.6867727861,   Pr -56504617327181.1875000000,  dPr  -197.7665321134
  PRN 22, px  13039730.2401258722,  py -10667255.5424437169, pz -20306438.1587391309,   vx  1555.0523954481, vy  3477.2017292242, vz  -834.6429260448,   Pr -56504617056976.6718750000,  dPr  -258.8518333957
time    301286.4999999959, rpx    0.0000000000, rpy    0.0000000000, rpz    0.0000000000, rvx    0.0000000000, rvy    0.0000000000, rvz    0.0000000000, Nsats 3
  PRN  3, px   4710236.3862336064,  py -22639794.6240930967, pz -13390755.3493909445,   vx  2862.0227490369, vy  -786.4262464889, vz  2452.8755456023,   Pr -56504886720170.8359375000,  dPr   102.1624536684
  PRN  6, px  11466643.3259131275,  py -22165860.3070993312, pz  -8445194.9832959548,   vx  2604.2033654295, vy   246.3639816842, vz  2899.8709229939,   Pr -56504887140193.7812500000,  dPr  -197.8631656191
  PRN 22, px  13040507.5084800906,  py -10664729.1812812090, pz -20307272.5585885905,   vx  1555.0230458745, vy  3477.3197468852, vz  -834.2022654042,   Pr -56504886869932.0312500000,  dPr  -258.8797084454
time    301286.5999999959, rpx    0.0000000000, rpy    0.0000000000, rpz    0.0000000000, rvx    0.0000000000, rvy    0.0000000000, rvz    0.0000000000, Nsats 3
  PRN  3, px   4711447.3585314630,  py -22640924.4298229814, pz -13388302.3191361148,   vx  2861.8670057443, vy  -786.1619981415, vz  2453.1553024612,   Pr -56505156533485.4921875000,  dPr   102.1903287182
  PRN  6, px  11467631.0173356552,  py -22166449.9818868116, pz  -8442295.0130306147,   vx  2603.9713944018, vy   246.6572438261, vz  2900.0550101697,   Pr -56505156953208.3906250000,  dPr  -197.8055571830
  PRN 22, px  13041284.9317028970,  py -10662202.7588298600, pz -20308106.5177636109,   vx  1554.9936875104, vy  3477.4377107959, vz  -833.7615869194,   Pr -56505156682885.8203125000,  dPr  -258.7905082863
time    301286.6999999959, rpx    0.0000000000, rpy    0.0000000000, rpz    0.0000000000, rvx    0.0000000000, rvy    0.0000000000, rvz    0.0000000000, Nsats 3
  PRN  3, px   4712658.0926978262,  py -22642054.0595751517, pz -13385849.0091608334,   vx  2861.7112557379, vy  -785.8977116148, vz  2453.4350098856,   Pr -56505426346799.0078125000,  dPr   102.2925372338
  PRN  6, px  11468618.4337942116,  py -22167039.4354072884, pz  -8439394.8587185759,   vx  2603.7394229970, vy   246.9505359852, vz  2900.2390341088,   Pr -56505426766222.4218750000,  dPr  -197.7275070438
  PRN 22, px  13042062.5097888354,  py -10659676.2751597483, pz -20308940.0362443775,   vx  1554.9643201931, vy  3477.5556210675, vz  -833.3208906278,   Pr -56505426495837.3203125000,  dPr  -258.6697164041
time    301286.7999999959, rpx    0.0000000000, rpy    0.0000000000, rpz    0.0000000000, rvx    0.0000000000, rvy    0.0000000000, rvz    0.0000000000, Nsats 3
  PRN  3, px   4713868.5887528695,  py -22643183.5133070387, pz -13383395.4194865115,   vx  2861.5554974221, vy  -785.6333873916, vz  2453.7146678753,   Pr -56505696160114.8203125000,  dPr   102.2981122438
  PRN  6, px  11469605.5753115788,  py -22167628.6676145494, pz  -8436494.5204035696,   vx  2603.5074514539, vy   247.2438580515, vz  2900.4229949415,   Pr -56505696579237.8828125000,  dPr  -197.7144986872
  PRN 22, px  13042840.2427428104,  py -10657149.7303073071, pz -20309773.1140221953,   vx  1554.9349456017, vy  3477.6734793582, vz  -832.8801765293,   Pr -56505696308789.8125000000,  dPr  -258.6121079680
time    301286.8999999958, rpx    0.0000000000, rpy    0.0000000000, rpz    0.0000000000, rvx    0.0000000000, rvy    0.0000000000, rvz    0.0000000000, Nsats 3
  PRN  3, px   4715078.8466894645,  py -22644312.7909507602, pz -13380941.5501895566,   vx  2861.3997357560, vy  -785.3690244667, vz  2453.9942764305,   Pr -56505965973429.6171875000,  dPr   102.3166956103
  PRN  6, px  11470592.4418896381,  py -22168217.6784506068, pz  -8433593.9981889334,   vx  2603.2754796006, vy   247.5372100994, vz  2900.6068926118,   Pr -56505966392250.6250000000,  dPr  -197.7330820537
  PRN 22, px  13043618.1305593383,  py -10654623.1243426334, pz -20310605.7510772496,   vx  1554.9055628100, vy  3477.7912848853, vz  -832.4394445866,   Pr -56505966121742.5859375000,  dPr  -258.5582162052
time    301286.9999999958, rpx    0.0000000000, rpy    0.0000000000, rpz    0.0000000000, rvx    0.0000000000, rvy    0.0000000000, rvz    0.0000000000, Nsats 3
  PRN  3, px   4716288.8665167540,  py -22645441.8924536407, pz -13378487.4013134036,   vx  2861.2439656599, vy  -785.1046237335, vz  2454.2738355324,   Pr -56506235786744.1328125000,  dPr   102.3743040464
  PRN  6, px  11471579.0335686021,  py -22168806.4678796455, pz  -8430693.2920672484,   vx  2603.0435059817, vy   247.8305912753, vz  2900.7907271013,   Pr -56506236205267.9296875000,  dPr  -197.6717569443
  PRN 22, px  13044396.1732429042,  py -10652096.4573032781, pz -20311437.9474005103,   vx  1554.8761720257, vy  3477.9090376306, vz  -831.9986948371,   Pr -56506235934698.8046875000,  dPr  -258.4652993728
time    301287.0999999958, rpx    0.0000000000, rpy    0.0000000000, rpz    0.0000000000, rvx    0.0000000000, rvy    0.0000000000, rvz    0.0000000000, Nsats 3
  PRN  3, px   4717498.6482378338,  py -22646570.8177576065, pz -13376032.9729133304,   vx  2861.0881890483, vy  -784.8401849682, vz  2454.5533453114,   Pr -56506505600057.6562500000,  dPr   102.3557206799
  PRN  6, px  11472565.3503348753,  py -22169395.0358339809, pz  -8427792.4021886252,   vx  2602.8115353048, vy   248.1240041112, vz  2900.9744985029,   Pr -56506506018280.8281250000,  dPr  -197.7089236773
  PRN 22, px  13045174.3707653098,  py -10649569.7293329351, pz -20312269.7029479817,   vx  1554.8467730170, vy  3478.0267375545, vz  -831.5579272807,   Pr -56506505747649.0078125000,  dPr  -258.4262743032
time    301287.1999999958, rpx    0.0000000000, rpy    0.0000000000, rpz    0.0000000000, rvx    0.0000000000, rvy    0.0000000000, rvz    0.0000000000, Nsats 3
  PRN  3, px   4718708.1918716608,  py -22647699.5668189637, pz -13373578.2650132142,   vx  2860.9324041762, vy  -784.5757084674, vz  2454.8328055814,   Pr -56506775413373.3046875000,  dPr   102.3928874128
  PRN  6, px  11473551.3922274709,  py -22169983.3822777942, pz  -8424891.3285473492,   vx  2602.5795628174, vy   248.4174460024, vz  2901.1582066678,   Pr -56506775831296.4296875000,  dPr  -197.6661819344
  PRN 22, px  13045952.7231556606,  py -10647042.9403895251, pz -20313101.0177367851,   vx  1554.8173666191, vy  3478.1443854418, vz  -831.1171419919,   Pr -56506775560605.7968750000,  dPr  -258.3389324807
time    301287.2999999957, rpx    0.0000000000, rpy    0.0000000000, rpz    0.0000000000, rvx    0.0000000000, rvy    0.0000000000, rvz    0.0000000000, Nsats 3
  PRN  3, px   4719917.4974085316,  py -22648828.1395672709, pz -13371123.2776950747,   vx  2860.7766143168, vy  -784.3111936359, vz  2455.1122163981,   Pr -56507045226687.1015625000,  dPr   102.3334206401
  PRN  6, px  11474537.1592538282,  py -22170571.5071555898, pz  -8421990.0712327547,   vx  2602.3475901919, vy   248.7109178061, vz  2901.3418516889,   Pr -56507045644312.0312500000,  dPr  -197.7219320338
  PRN 22, px  13046731.2303781509,  py -10644516.0906410273, pz -20313931.8917150274,   vx  1554.7879506278, vy  3478.2619787750, vz  -830.6763389334,   Pr -56507045373556.8593750000,  dPr  -258.3370741441
time    301287.3999999957, rpx    0.0000000000, rpy    0.0000000000, rpz    0.0000000000, rvx    0.0000000000, rvy    0.0000000000, rvz    0.0000000000, Nsats 3
  PRN  3, px   4721126.5648695547,  py -22649956.5359611250, pz -13368668.0109779164,   vx  2860.6208194113, vy  -784.0466403230, vz  2455.3915777616,   Pr -56507315040002.7734375000,  dPr   102.3482873333
  PRN  6, px  11475522.6514311824,  py -22171159.4104183242, pz  -8419088.6303037982,   vx  2602.1156173874, vy   249.0044195982, vz  2901.5254334919,   Pr -56507315457328.0781250000,  dPr  -197.7293653804
  PRN 22, px  13047509.8924604189,  py -10641989.1800500602, pz -20314762.3248982690,   vx  1554.7585279645, vy  3478.3795212071, vz  -830.2355181426,   Pr -56507315186514.2265625000,  dPr  -258.3036240844
time    301287.4999999957, rpx    0.0000000000, rpy    0.0000000000, rpz    0.0000000000, rvx    0.0000000000, rvy    0.0000000000, rvz    0.0000000000, Nsats 3
  PRN  3, px   4722335.3942447193,  py -22651084.7559299394, pz -13366212.4649442118,   vx  2860.4650162880, vy  -783.7820493118, vz  2455.6708896719,   Pr -56507584853316.2812500000,  dPr   102.2795288773
  PRN  6, px  11476507.8687683828,  py -22171747.0920117982, pz  -8416187.0058445968,   vx  2601.8836443070, vy   249.2979513048, vz  2901.7089521512,   Pr -56507585270342.3750000000,  dPr  -197.8018405097
  PRN 22, px  13048288.7093733530,  py -10639462.2087629475, pz -20315592.3172417730,   vx  1554.7290956785, vy  3478.4970088615, vz  -829.7946795449,   Pr -56507584999468.1562500000,  dPr  -258.3166324409
time    301287.5999999957, rpx    0.0000000000, rpy    0.0000000000, rpz    0.0000000000, rvx    0.0000000000, rvy    0.0000000000, rvz    0.0000000000, Nsats 3
  PRN  3, px   4723543.9855549587,  py -22652212.7994318642, pz -13363756.6396138407,   vx  2860.3092066481, vy  -783.5174202655, vz  2455.9501522034,   Pr -56507854666631.2265625000,  dPr   102.3743040464
  PRN  6, px  11477492.8112832736,  py -22172334.5518872663, pz  -8413285.1979125943,   vx  2601.6516711518, vy   249.5915128899, vz  2901.8924076296,   Pr -56507855083355.5546875000,  dPr  -197.7014903307
  PRN 22, px  13049067.6811162401,  py -10636935.1768340301, pz -20316421.8687309958,   vx  1554.6996559528, vy  3478.6144447186, vz  -829.3538232148,   Pr -56507854812419.8046875000,  dPr  -258.1828322022
time    301287.6999999956, rpx    0.0000000000, rpy    0.0000000000, rpz    0.0000000000, rvx    0.0000000000, rvy    0.0000000000, rvz    0.0000000000, Nsats 3
  PRN  3, px   4724752.3388027009,  py -22653340.6664081849, pz -13361300.5350435637,   vx  2860.1533902266, vy  -783.2527531467, vz  2456.2293651514,   Pr -56508124479946.7343750000,  dPr   102.4058957694
  PRN  6, px  11478477.4789997265,  py -22172921.7899990529, pz  -8410383.2065488510,   vx  2601.4196977883, vy   249.8851044670, vz  2902.0757999085,   Pr -56508124896369.8828125000,  dPr  -197.6884819741
  PRN 22, px  13049846.8077006061,  py -10634408.0842780583, pz -20317250.9793643765,   vx  1554.6702080996, vy  3478.7318276801, vz  -828.9129491895,   Pr -56508124625375.0000000000,  dPr  -258.0992070531
time    301287.7999999956, rpx    0.0000000000, rpy    0.0000000000, rpz    0.0000000000, rvx    0.0000000000, rvy    0.0000000000, rvz    0.0000000000, Nsats 3
  PRN  3, px   4725960.4539835704,  py -22654468.3567933515, pz -13358844.1513048708,   vx  2859.9975672608, vy  -782.9880479184, vz  2456.5085285716,   Pr -56508394293260.1171875000,  dPr   102.4374874924
  PRN  6, px  11479461.8719351385,  py -22173508.8062984720, pz  -8407481.0318113193,   vx  2601.1877243060, vy   250.1787259257, vz  2902.2591289692,   Pr -56508394709385.9062500000,  dPr  -197.6736152810
  PRN 22, px  13050626.0891104583,  py -10631880.9311986528, pz -20318079.6491112448,   vx  1554.6407519958, vy  3478.8491578381, vz  -828.4720573947,   Pr -56508394438329.0859375000,  dPr  -258.0490319635
time    489780.5832597658, rpx 2749744.3440198321, rpy -4480430.6760976063, rpz -3599814.2455195212, rvx    0.0306105037, rvy   -0.0595017003, rvz   -0.0348079687, Nsats 5
  PRN  3, px   4727168.3311234154,  py -22655595.8705501258, pz -13356387.4884076379,   vx  2859.8417378320, vy  -782.7233047650, vz  2456.7876426503,   Pr  20722885.7416063175,  dPr   102.4504958489
  PRN  6, px  11480445.9900935963,  py -22174095.6007282883, pz  -8404578.6737988349,   vx  2600.9557506820, vy   250.4723772662, vz  2902.4423948862,   Pr  20307062.0101517066,  dPr  -197.6587485878
  PRN 14, px  21473241.1257708892,  py -14918279.7372712027, pz  -3981185.4227976296,   vx   847.7887131797, vy  2102.3510223185, vz -3161.8735292926,   Pr  21439750.4160782546,  dPr   464.4300460071
  PRN 19, px   -299496.6732100164,  py -17630946.6527960338, pz -19823010.9815101139,   vx  3306.3849681382, vy -1515.3085124936, vz  1346.0129234567,   Pr  21105131.0294915587,  dPr   445.8716649520
  PRN 22, px  13051405.5253553204,  py -10629353.7176169250, pz -20318907.8779679723,   vx  1554.6112885185, vy  3478.9664361431, vz  -828.0311479419,   Pr  20578174.8030140847,  dPr  -257.9821318442
time    489781.5832592271, rpx 2749738.5631106580, rpy -4480423.5620600181, rpz -3599805.7760963044, rvx   -0.0074539144, rvy    0.0240376561, rvz    0.0126772342, Nsats 5
  PRN  3, px   4728375.9702053145,  py -22656723.2076016776, pz -13353930.5464481227,   vx  2859.6859016550, vy  -782.4585234643, vz  2457.0667070523,   Pr  20722845.0423643403,  dPr   102.4337708191
  PRN  6, px  11481429.8335011136,  py -22174682.1732443683, pz  -8401676.1325455438,   vx  2600.7237768946, vy   250.7660585649, vz  2902.6255975664,   Pr  20307319.3339808956,  dPr  -197.6829069642
  PRN 14, px  21473000.9073447175,  py -14917743.0864605960, pz  -3984347.2540081637,   vx   847.4793462716, vy  2102.6106520113, vz -3161.7876979802,   Pr  21439344.7280785292,  dPr   464.4486293736
  PRN 19, px   -297476.0713351297,  py -17632440.1305862665, pz -19821664.7338773273,   vx  3306.2808458213, vy -1515.1733436543, vz  1346.4360274747,   Pr  21104744.6770316549,  dPr   445.8939649918
  PRN 22, px  13052185.1164057553,  py -10626826.4436799400, pz -20319735.6658897102,   vx  1554.5818152943, vy  3479.0836596687, vz  -827.5902207568,   Pr  20578494.6022592224,  dPr  -257.9375317646
time    489782.5832593999, rpx 2749735.9885978140, rpy -4480422.2841415219, rpz -3599805.1162843388, rvx   -0.0147714843, rvy    0.0402537387, rvz    0.0421990857, Nsats 5
  PRN  3, px   4729583.3712565461,  py -22657850.3679119423, pz -13351473.3254336100,   vx  2859.5300590997, vy  -782.1937042378, vz  2457.3457221314,   Pr  20722793.8235783987,  dPr   102.5415543447
  PRN  6, px  11482413.4021656290,  py -22175268.5237919874, pz  -8398773.4081384726,   vx  2600.4918029398, vy   251.0597697480, vz  2902.8087370284,   Pr  20307569.7512338273,  dPr  -197.5992818150
  PRN 14, px  21472760.4187077172,  py -14917206.1584846675, pz  -3987508.9993556165,   vx   847.1700024029, vy  2102.8702933297, vz -3161.7017981317,   Pr  21438933.0552939400,  dPr   464.5731379290
  PRN 19, px   -295455.6824990894,  py -17633933.6205276512, pz -19820318.0631489381,   vx  3306.1766887687, vy -1515.0381337256, vz  1346.8591043726,   Pr  21104349.8781847917,  dPr   446.0054651907
  PRN 22, px  13052964.8622778244,  py -10624299.1093878560, pz -20320563.0128796361,   vx  1554.5523353965, vy  3479.2008322531, vz  -827.1492758766,   Pr  20578804.6871364005,  dPr  -257.8000148527
time    489783.5832595435, rpx 2749740.8442606274, rpy -4480427.6864090338, rpz -3599811.1612776257, rvx    0.0507079409, rvy   -0.0416613204, rvz   -0.0248207662, Nsats 5
  PRN  3, px   4730790.5342752151,  py -22658977.3514179736, pz -13349015.8254300654,   vx  2859.3742099568, vy  -781.9288468620, vz  2457.6246877573,   Pr  20722733.6911861263,  dPr   102.6010211175
  PRN  6, px  11483396.6961152796,  py -22175854.6523286775, pz  -8395870.5006044954,   vx  2600.2598289448, vy   251.3535108174, vz  2902.9918133467,   Pr  20307809.0910256170,  dPr  -197.5156566658
  PRN 14, px  21472519.6599029042,  py -14916668.9533113521, pz  -3990670.6587745915,   vx   846.8606814967, vy  2103.1299465376, vz -3161.6158301244,   Pr  21438511.7543508112,  dPr   464.6456130583
  PRN 19, px   -293435.5067468798,  py -17635427.1225555465, pz -19818970.9693592303,   vx  3306.0724999778, vy -1514.9028827853, vz  1347.2821542993,   Pr  21103946.6199108660,  dPr   446.0928070132
  PRN 22, px  13053744.7629690561,  py -10621771.7148001343, pz -20321389.9189216383,   vx  1554.5228466687, vy  3479.3179512699, vz  -826.7083133012,   Pr  20579103.7121764012,  dPr  -257.6810813072
time    489784.5832597199, rpx 2749741.9191043959, rpy -4480426.8662748616, rpz -3599806.1154409642, rvx    0.0632700011, rvy   -0.0353464289, rvz   -0.0797779431, Nsats 5
  PRN  3, px   4731997.4592608493,  py -22660104.1580579542, pz -13346558.0465010237,   vx  2859.2183540447, vy  -781.6639514488, vz  2457.9036036506,   Pr  20722684.9927615374,  dPr   102.5842960876
  PRN  6, px  11484379.7153597530,  py -22176440.5588004142, pz  -8392967.4100264255,   vx  2600.0278548312, vy   251.6472817739, vz  2903.1748264283,   Pr  20308058.0150343888,  dPr  -197.5565400721
  PRN 14, px  21472278.6309715211,  py -14916131.4709052332, pz  -3993832.2322210181,   vx   846.5513835133, vy  2103.3896113028, vz -3161.5297934832,   Pr  21438097.1594481654,  dPr   464.6233130185
  PRN 19, px   -291415.5441239401,  py -17636920.6366050504, pz -19817623.4525427483,   vx  3305.9682778176, vy -1514.7675907995, vz  1347.7051772177,   Pr  21103555.2149628140,  dPr   446.1076737064
  PRN 22, px  13054524.8184618652,  py -10619244.2600254808, pz -20322216.3839834668,   vx  1554.4933488396, vy  3479.4350164568, vz  -826.2673330680,   Pr  20579415.6022762358,  dPr  -257.6309062176
time    489785.5832599205, rpx 2749736.7161429864, rpy -4480419.9195855241, rpz -3599798.0538359559, rvx   -0.0252178943, rvy    0.0458488530, rvz    0.0314633537, Nsats 5
  PRN  3, px   4733204.1462323805,  py -22661230.7877883092, pz -13344099.9886702243,   vx  2859.0624917979, vy  -781.3990180713, vz  2458.1824702397,   Pr  20722641.9613691457,  dPr   102.6326128405
  PRN  6, px  11485362.4599037636,  py -22177026.2431506254, pz  -8390064.1365007758,   vx  2599.7958805948, vy   251.9410825805, vz  2903.3577762172,   Pr  20308317.3351179585,  dPr  -197.5342400323
  PRN 14, px  21472037.3319602758,  py -14915593.7112421449, pz  -3996993.7195825824,   vx   846.2421087116, vy  2103.6492880384, vz -3161.4436887810,   Pr  21437690.8130864426,  dPr   464.6883548012
  PRN 19, px   -289395.7946431336,  py -17638414.1626352556, pz -19816275.5127124079,   vx  3305.8640236973, vy -1514.6322578436, vz  1348.1281730905,   Pr  21103169.8952635676,  dPr   446.1745738257
  PRN 22, px  13055305.0287600290,  py -10616716.7451036945, pz -20323042.4080553465,   vx  1554.4638435697, vy  3479.5520295837, vz  -825.8263351768,   Pr  20579734.8693456501,  dPr  -257.5732977815
time    489786.5832600585, rpx 2749741.2069003652, rpy -4480425.8700443422, rpz -3599806.3787732711, rvx    0.0042243742, rvy   -0.0168260580, rvz    0.0128088042, Nsats 5
  PRN  3, px   4734410.5951898722,  py -22662357.2405478172, pz -13341641.6519999467,   vx  2858.9066213029, vy  -781.1340470275, vz  2458.4612871148,   Pr  20722580.1679530405,  dPr   102.6010211175
  PRN  6, px  11486344.9297780544,  py -22177611.7053381354, pz  -8387160.6800474953,   vx  2599.5639062141, vy   252.2349133141, vz  2903.5406628530,   Pr  20308556.6018815711,  dPr  -197.5509650622
  PRN 14, px  21471795.7629148215,  py -14915055.6742960121, pz  -4000155.1207592711,   vx   845.9328567171, vy  2103.9089763566, vz -3161.3575155288,   Pr  21437269.7348932996,  dPr   464.6679130981
  PRN 19, px   -287376.2583406805,  py -17639907.7005881108, pz -19814927.1498965621,   vx  3305.7597338582, vy -1514.4968838458, vz  1348.5511419550,   Pr  21102764.9755215757,  dPr   446.1634238058
  PRN 22, px  13056085.3938681148,  py -10614189.1700713728, pz -20323867.9911286496,   vx  1554.4343300422, vy  3479.6689900364, vz  -825.3853195906,   Pr  20580032.2506750301,  dPr  -257.5695811082
